[INFO] Scanning for projects...
[INFO] ------------------------------------------------------------------------
[INFO] Building Juzu Core
[INFO]    task-segment: [clean, test]
[INFO] ------------------------------------------------------------------------
[INFO] [clean:clean {execution: default-clean}]
[INFO] Deleting /Users/julien/java/juzu/core/target
[INFO] [javacc:javacc {execution: javacc}]
Java Compiler Compiler Version 5.0 (Parser Generator)
(type "javacc" with no arguments for help)
Reading from file /Users/julien/java/juzu/core/src/main/javacc/juzu/impl/template/spi/juzu/ast/TemplateParser.jj . . .
File "TokenMgrError.java" does not exist.  Will create one.
File "ParseException.java" does not exist.  Will create one.
File "Token.java" does not exist.  Will create one.
File "SimpleCharStream.java" does not exist.  Will create one.
Parser generated with 0 errors and 2 warnings.
[INFO] Processed 1 grammar
[debug] execute contextualize
[INFO] [resources:resources {execution: default-resources}]
[INFO] Using 'UTF-8' encoding to copy filtered resources.
[INFO] Copying 11 resources
[INFO] [compiler:compile {execution: default-compile}]
[INFO] Compiling 337 source files to /Users/julien/java/juzu/core/target/classes
[debug] execute contextualize
[INFO] [resources:testResources {execution: default-testResources}]
[INFO] Using 'UTF-8' encoding to copy filtered resources.
[INFO] Copying 40 resources
[INFO] [compiler:testCompile {execution: default-testCompile}]
[INFO] Compiling 282 source files to /Users/julien/java/juzu/core/target/test-classes
[WARNING] DEPRECATED [systemProperties]: Use systemPropertyVariables instead.
[INFO] [surefire:test {execution: default-test}]
[INFO] Surefire report directory: /Users/julien/java/juzu/core/target/surefire-reports

-------------------------------------------------------
 T E S T S
-------------------------------------------------------
Running juzu.impl.bridge.portlet.ActionTestCase
1 [main] INFO org.eclipse.jetty.util.log - Logging to org.slf4j.impl.SimpleLogger(org.eclipse.jetty.util.log) via org.eclipse.jetty.util.log.Slf4jLog
Aug 29, 2012 12:06:28 PM org.jboss.arquillian.container.jetty.embedded_7.JettyEmbeddedContainer start
INFO: Starting Jetty Embedded Server 7.0.2.v20100331 [id:962420767]
21 [main] INFO org.eclipse.jetty.util.log - jetty-7.0.2.v20100331
70 [main] INFO org.eclipse.jetty.util.log - Started SelectChannelConnector@localhost:9090
Aug 29, 2012 12:06:31 PM org.jboss.shrinkwrap.jetty_7.api.ShrinkWrapWebAppContext <init>
INFO: Webapp archive location: file:/var/folders/wx/dmqlzsr96ds532ms_yj3qdkw0000gn/T/export8691005278369825070juzu.war
2825 [main] INFO org.eclipse.jetty.util.log - Extract jar:file:/private/var/folders/wx/dmqlzsr96ds532ms_yj3qdkw0000gn/T/export8691005278369825070juzu.war!/ to /private/var/folders/wx/dmqlzsr96ds532ms_yj3qdkw0000gn/T/Jetty_localhost_9090_export8691005278369825070juzu.war__juzu__.er9h9b/webapp
3003 [main] INFO org.eclipse.jetty.util.log - No Transaction manager found - if your webapp requires one, please configure one.
3013 [main] INFO org.apache.pluto.driver.PortalStartupListener - Starting up Pluto Portal Driver. . .
3027 [main] INFO /juzu - Initializing Spring root WebApplicationContext
Aug 29, 2012 12:06:31 PM org.springframework.web.context.ContextLoader initWebApplicationContext
INFO: Root WebApplicationContext: initialization started
Aug 29, 2012 12:06:32 PM org.springframework.context.support.AbstractApplicationContext prepareRefresh
INFO: Refreshing Root WebApplicationContext: startup date [Wed Aug 29 12:06:32 CEST 2012]; root of context hierarchy
Aug 29, 2012 12:06:32 PM org.springframework.beans.factory.xml.XmlBeanDefinitionReader loadBeanDefinitions
INFO: Loading XML bean definitions from class path resource [pluto-services.xml]
Aug 29, 2012 12:06:32 PM org.springframework.beans.factory.support.DefaultListableBeanFactory preInstantiateSingletons
INFO: Pre-instantiating singletons in org.springframework.beans.factory.support.DefaultListableBeanFactory@29e0969b: defining beans [PortletContainer,PlutoServices,PortalDriverServices,PortalContext,DriverConfiguration,AdminConfiguration,ResourceConfigFactory,PortalURLParser,RenderConfigService,SupportedModesService,SupportedWindowStatesService,PortletRequestContextService,EventCoordinationService,FilterManagerService,PortletURLListenerService,PortletContextService,RequestDispatcherService]; root of factory hierarchy
3442 [main] INFO org.apache.pluto.container.impl.PortletContainerImpl - Portlet Container [pluto-portal-driver]: Container initialized successfully.
Aug 29, 2012 12:06:32 PM org.springframework.web.context.ContextLoader initWebApplicationContext
INFO: Root WebApplicationContext: initialization completed in 430 ms
3459 [main] INFO org.apache.pluto.driver.PortalStartupListener - Initializing Portlet Container. . .
3459 [main] INFO org.apache.pluto.driver.PortalStartupListener - Pluto portlet container started.
3459 [main] INFO org.apache.pluto.driver.PortalStartupListener - ********** Pluto Portal Driver Started **********


4080 [Timer-0] INFO org.apache.pluto.driver.container.PortletContextManager - Portlet Context '/juzu' registered.
4080 [Timer-0] INFO org.apache.pluto.driver.container.PortletContextManager - Registered portlet application for context '/juzu'
4080 [Timer-0] INFO org.apache.pluto.driver.container.PortletContextManager - Registering 1 portlets for context //juzu
4102 [main] INFO org.eclipse.jetty.util.log - integrationTest at http://localhost:9090/juzu
[integrationTest] Starting Application
6825 [qtp22262475-16] INFO org.jboss.weld.Version - WELD-000900 1.1.8 (Final)
6898 [qtp22262475-16] INFO org.jboss.weld.Bootstrap - WELD-000101 Transactional services not available. Injection of @Inject UserTransaction not available. Transactional observers will be invoked synchronously.
Aug 29, 2012 12:06:36 PM com.gargoylesoftware.htmlunit.DefaultCssErrorHandler error
WARNING: CSS error: [1:1] Error in style sheet. Invalid token "<". Was expecting one of: <EOF>, <S>, ".", ":", "*", "[", <HASH>, "<!--", "-->", "@import", "@page", "@media", "@charset ", <IDENT>.
Aug 29, 2012 12:06:36 PM com.gargoylesoftware.htmlunit.DefaultCssErrorHandler error
WARNING: CSS error: [1:1] Error in style sheet. Invalid token "<". Was expecting one of: <EOF>, <S>, ".", ":", "*", "[", <HASH>, "<!--", "-->", "@import", "@page", "@media", "@charset ", <IDENT>.
7912 [main] INFO org.apache.pluto.driver.container.PortletContextManager - Portlet Context '/juzu' removed.
7912 [main] INFO org.apache.pluto.driver.PortalStartupListener - Shutting down Pluto Portal Driver...
7912 [main] INFO org.apache.pluto.driver.PortalStartupListener - Shutting down Pluto Portal Driver...
7912 [main] INFO org.apache.pluto.container.impl.PortletContainerImpl - Portlet Container [pluto-portal-driver]: Container destroyed.
7912 [main] INFO org.apache.pluto.driver.PortalStartupListener - Pluto Portal Driver shut down.
7913 [main] INFO org.apache.pluto.driver.PortalStartupListener - Pluto Portal Admin Config destroyed.
7913 [main] INFO org.apache.pluto.driver.PortalStartupListener - ********** Pluto Portal Driver Shut Down **********


7913 [main] INFO /juzu - Closing Spring root WebApplicationContext
Aug 29, 2012 12:06:36 PM org.springframework.context.support.AbstractApplicationContext doClose
INFO: Closing Root WebApplicationContext: startup date [Wed Aug 29 12:06:32 CEST 2012]; root of context hierarchy
Aug 29, 2012 12:06:36 PM org.springframework.beans.factory.support.DefaultSingletonBeanRegistry destroySingletons
INFO: Destroying singletons in org.springframework.beans.factory.support.DefaultListableBeanFactory@29e0969b: defining beans [PortletContainer,PlutoServices,PortalDriverServices,PortalContext,DriverConfiguration,AdminConfiguration,ResourceConfigFactory,PortalURLParser,RenderConfigService,SupportedModesService,SupportedWindowStatesService,PortletRequestContextService,EventCoordinationService,FilterManagerService,PortletURLListenerService,PortletContextService,RequestDispatcherService]; root of factory hierarchy
Tests run: 1, Failures: 0, Errors: 0, Skipped: 0, Time elapsed: 8.498 sec
Running juzu.impl.bridge.portlet.RenderTestCase
Aug 29, 2012 12:06:37 PM org.jboss.shrinkwrap.jetty_7.api.ShrinkWrapWebAppContext <init>
INFO: Webapp archive location: file:/var/folders/wx/dmqlzsr96ds532ms_yj3qdkw0000gn/T/export3584616730059412064juzu.war
8482 [main] INFO org.eclipse.jetty.util.log - Extract jar:file:/private/var/folders/wx/dmqlzsr96ds532ms_yj3qdkw0000gn/T/export3584616730059412064juzu.war!/ to /private/var/folders/wx/dmqlzsr96ds532ms_yj3qdkw0000gn/T/Jetty_localhost_9090_export3584616730059412064juzu.war__juzu__p09ojf/webapp
8541 [main] INFO org.eclipse.jetty.util.log - No Transaction manager found - if your webapp requires one, please configure one.
8542 [main] INFO org.apache.pluto.driver.PortalStartupListener - Starting up Pluto Portal Driver. . .
8544 [main] INFO /juzu - Initializing Spring root WebApplicationContext
Aug 29, 2012 12:06:37 PM org.springframework.web.context.ContextLoader initWebApplicationContext
INFO: Root WebApplicationContext: initialization started
Aug 29, 2012 12:06:37 PM org.springframework.context.support.AbstractApplicationContext prepareRefresh
INFO: Refreshing Root WebApplicationContext: startup date [Wed Aug 29 12:06:37 CEST 2012]; root of context hierarchy
Aug 29, 2012 12:06:37 PM org.springframework.beans.factory.xml.XmlBeanDefinitionReader loadBeanDefinitions
INFO: Loading XML bean definitions from class path resource [pluto-services.xml]
Aug 29, 2012 12:06:37 PM org.springframework.beans.factory.support.DefaultListableBeanFactory preInstantiateSingletons
INFO: Pre-instantiating singletons in org.springframework.beans.factory.support.DefaultListableBeanFactory@cc6798: defining beans [PortletContainer,PlutoServices,PortalDriverServices,PortalContext,DriverConfiguration,AdminConfiguration,ResourceConfigFactory,PortalURLParser,RenderConfigService,SupportedModesService,SupportedWindowStatesService,PortletRequestContextService,EventCoordinationService,FilterManagerService,PortletURLListenerService,PortletContextService,RequestDispatcherService]; root of factory hierarchy
8584 [main] INFO org.apache.pluto.container.impl.PortletContainerImpl - Portlet Container [pluto-portal-driver]: Container initialized successfully.
Aug 29, 2012 12:06:37 PM org.springframework.web.context.ContextLoader initWebApplicationContext
INFO: Root WebApplicationContext: initialization completed in 41 ms
8587 [main] INFO org.apache.pluto.driver.PortalStartupListener - Initializing Portlet Container. . .
8587 [main] INFO org.apache.pluto.driver.PortalStartupListener - Pluto portlet container started.
8587 [main] INFO org.apache.pluto.driver.PortalStartupListener - ********** Pluto Portal Driver Started **********


8593 [main] INFO org.eclipse.jetty.util.log - integrationTest at http://localhost:9090/juzu
8824 [Timer-1] INFO org.apache.pluto.driver.container.PortletContextManager - Portlet Context '/juzu' registered.
8824 [Timer-1] INFO org.apache.pluto.driver.container.PortletContextManager - Registered portlet application for context '/juzu'
8824 [Timer-1] INFO org.apache.pluto.driver.container.PortletContextManager - Registering 1 portlets for context //juzu
[integrationTest] Starting Application
9191 [qtp22262475-13] INFO org.jboss.weld.Bootstrap - WELD-000101 Transactional services not available. Injection of @Inject UserTransaction not available. Transactional observers will be invoked synchronously.
Aug 29, 2012 12:06:38 PM com.gargoylesoftware.htmlunit.DefaultCssErrorHandler error
WARNING: CSS error: [1:1] Error in style sheet. Invalid token "<". Was expecting one of: <EOF>, <S>, ".", ":", "*", "[", <HASH>, "<!--", "-->", "@import", "@page", "@media", "@charset ", <IDENT>.
9504 [main] INFO org.apache.pluto.driver.container.PortletContextManager - Portlet Context '/juzu' removed.
9507 [main] INFO org.apache.pluto.driver.PortalStartupListener - Shutting down Pluto Portal Driver...
9507 [main] INFO org.apache.pluto.driver.PortalStartupListener - Shutting down Pluto Portal Driver...
9507 [main] INFO org.apache.pluto.container.impl.PortletContainerImpl - Portlet Container [pluto-portal-driver]: Container destroyed.
9507 [main] INFO org.apache.pluto.driver.PortalStartupListener - Pluto Portal Driver shut down.
9507 [main] INFO org.apache.pluto.driver.PortalStartupListener - Pluto Portal Admin Config destroyed.
9508 [main] INFO org.apache.pluto.driver.PortalStartupListener - ********** Pluto Portal Driver Shut Down **********


9508 [main] INFO /juzu - Closing Spring root WebApplicationContext
Aug 29, 2012 12:06:38 PM org.springframework.context.support.AbstractApplicationContext doClose
INFO: Closing Root WebApplicationContext: startup date [Wed Aug 29 12:06:37 CEST 2012]; root of context hierarchy
Aug 29, 2012 12:06:38 PM org.springframework.beans.factory.support.DefaultSingletonBeanRegistry destroySingletons
INFO: Destroying singletons in org.springframework.beans.factory.support.DefaultListableBeanFactory@cc6798: defining beans [PortletContainer,PlutoServices,PortalDriverServices,PortalContext,DriverConfiguration,AdminConfiguration,ResourceConfigFactory,PortalURLParser,RenderConfigService,SupportedModesService,SupportedWindowStatesService,PortletRequestContextService,EventCoordinationService,FilterManagerService,PortletURLListenerService,PortletContextService,RequestDispatcherService]; root of factory hierarchy
Tests run: 1, Failures: 0, Errors: 0, Skipped: 0, Time elapsed: 1.581 sec
Running juzu.impl.bridge.servlet.ResponseActionDirectToViewTestCase
Aug 29, 2012 12:06:38 PM org.jboss.shrinkwrap.jetty_7.api.ShrinkWrapWebAppContext <init>
INFO: Webapp archive location: file:/var/folders/wx/dmqlzsr96ds532ms_yj3qdkw0000gn/T/export3572984860605160698juzu.war
9719 [main] INFO org.eclipse.jetty.util.log - Extract jar:file:/private/var/folders/wx/dmqlzsr96ds532ms_yj3qdkw0000gn/T/export3572984860605160698juzu.war!/ to /private/var/folders/wx/dmqlzsr96ds532ms_yj3qdkw0000gn/T/Jetty_localhost_9090_export3572984860605160698juzu.war__juzu__pllq3q/webapp
9747 [main] INFO org.eclipse.jetty.util.log - No Transaction manager found - if your webapp requires one, please configure one.
9755 [main] INFO org.eclipse.jetty.util.log - WebApp@1083001684 at http://localhost:9090/juzu
[JuzuServlet] Starting Application
9831 [qtp22262475-14] INFO org.jboss.weld.Bootstrap - WELD-000101 Transactional services not available. Injection of @Inject UserTransaction not available. Transactional observers will be invoked synchronously.
Tests run: 1, Failures: 0, Errors: 0, Skipped: 0, Time elapsed: 0.56 sec
Running juzu.impl.bridge.servlet.ResponseActionRedirectToViewTestCase
Aug 29, 2012 12:06:39 PM org.jboss.shrinkwrap.jetty_7.api.ShrinkWrapWebAppContext <init>
INFO: Webapp archive location: file:/var/folders/wx/dmqlzsr96ds532ms_yj3qdkw0000gn/T/export8458488373168067817juzu.war
10213 [main] INFO org.eclipse.jetty.util.log - Extract jar:file:/private/var/folders/wx/dmqlzsr96ds532ms_yj3qdkw0000gn/T/export8458488373168067817juzu.war!/ to /private/var/folders/wx/dmqlzsr96ds532ms_yj3qdkw0000gn/T/Jetty_localhost_9090_export8458488373168067817juzu.war__juzu__.fuo6l1/webapp
10245 [main] INFO org.eclipse.jetty.util.log - No Transaction manager found - if your webapp requires one, please configure one.
10256 [main] INFO org.eclipse.jetty.util.log - WebApp@1083001684 at http://localhost:9090/juzu
[JuzuServlet] Starting Application
10346 [qtp22262475-15] INFO org.jboss.weld.Bootstrap - WELD-000101 Transactional services not available. Injection of @Inject UserTransaction not available. Transactional observers will be invoked synchronously.
Tests run: 1, Failures: 0, Errors: 0, Skipped: 0, Time elapsed: 0.469 sec
Running juzu.impl.bridge.servlet.ResponseHeaderViewTestCase
Aug 29, 2012 12:06:39 PM org.jboss.shrinkwrap.jetty_7.api.ShrinkWrapWebAppContext <init>
INFO: Webapp archive location: file:/var/folders/wx/dmqlzsr96ds532ms_yj3qdkw0000gn/T/export5513635741891005216juzu.war
10673 [main] INFO org.eclipse.jetty.util.log - Extract jar:file:/private/var/folders/wx/dmqlzsr96ds532ms_yj3qdkw0000gn/T/export5513635741891005216juzu.war!/ to /private/var/folders/wx/dmqlzsr96ds532ms_yj3qdkw0000gn/T/Jetty_localhost_9090_export5513635741891005216juzu.war__juzu__.etnncz/webapp
10697 [main] INFO org.eclipse.jetty.util.log - No Transaction manager found - if your webapp requires one, please configure one.
10705 [main] INFO org.eclipse.jetty.util.log - WebApp@1083001684 at http://localhost:9090/juzu
[JuzuServlet] Starting Application
10763 [qtp22262475-15] INFO org.jboss.weld.Bootstrap - WELD-000101 Transactional services not available. Injection of @Inject UserTransaction not available. Transactional observers will be invoked synchronously.
Tests run: 1, Failures: 0, Errors: 0, Skipped: 0, Time elapsed: 0.349 sec
Running juzu.impl.bridge.servlet.ResponseResourceTestCase
Aug 29, 2012 12:06:39 PM org.jboss.shrinkwrap.jetty_7.api.ShrinkWrapWebAppContext <init>
INFO: Webapp archive location: file:/var/folders/wx/dmqlzsr96ds532ms_yj3qdkw0000gn/T/export3013501865974692917juzu.war
11041 [main] INFO org.eclipse.jetty.util.log - Extract jar:file:/private/var/folders/wx/dmqlzsr96ds532ms_yj3qdkw0000gn/T/export3013501865974692917juzu.war!/ to /private/var/folders/wx/dmqlzsr96ds532ms_yj3qdkw0000gn/T/Jetty_localhost_9090_export3013501865974692917juzu.war__juzu__chrhnv/webapp
11066 [main] INFO org.eclipse.jetty.util.log - No Transaction manager found - if your webapp requires one, please configure one.
11074 [main] INFO org.eclipse.jetty.util.log - WebApp@1083001684 at http://localhost:9090/juzu
[JuzuServlet] Starting Application
11142 [qtp22262475-18] INFO org.jboss.weld.Bootstrap - WELD-000101 Transactional services not available. Injection of @Inject UserTransaction not available. Transactional observers will be invoked synchronously.
Tests run: 1, Failures: 0, Errors: 0, Skipped: 0, Time elapsed: 0.384 sec
Running juzu.impl.bridge.servlet.RouteActionBodyParamTestCase
Aug 29, 2012 12:06:40 PM org.jboss.shrinkwrap.jetty_7.api.ShrinkWrapWebAppContext <init>
INFO: Webapp archive location: file:/var/folders/wx/dmqlzsr96ds532ms_yj3qdkw0000gn/T/export1101703311762671044juzu.war
11420 [main] INFO org.eclipse.jetty.util.log - Extract jar:file:/private/var/folders/wx/dmqlzsr96ds532ms_yj3qdkw0000gn/T/export1101703311762671044juzu.war!/ to /private/var/folders/wx/dmqlzsr96ds532ms_yj3qdkw0000gn/T/Jetty_localhost_9090_export1101703311762671044juzu.war__juzu__.qd2h54/webapp
11445 [main] INFO org.eclipse.jetty.util.log - No Transaction manager found - if your webapp requires one, please configure one.
11453 [main] INFO org.eclipse.jetty.util.log - WebApp@1083001684 at http://localhost:9090/juzu
[JuzuServlet] Starting Application
11525 [qtp22262475-17] INFO org.jboss.weld.Bootstrap - WELD-000101 Transactional services not available. Injection of @Inject UserTransaction not available. Transactional observers will be invoked synchronously.
Tests run: 1, Failures: 0, Errors: 0, Skipped: 0, Time elapsed: 0.384 sec
Running juzu.impl.bridge.servlet.RouteActionDirectToViewTestCase
Aug 29, 2012 12:06:40 PM org.jboss.shrinkwrap.jetty_7.api.ShrinkWrapWebAppContext <init>
INFO: Webapp archive location: file:/var/folders/wx/dmqlzsr96ds532ms_yj3qdkw0000gn/T/export2664156521169135710juzu.war
11769 [main] INFO org.eclipse.jetty.util.log - Extract jar:file:/private/var/folders/wx/dmqlzsr96ds532ms_yj3qdkw0000gn/T/export2664156521169135710juzu.war!/ to /private/var/folders/wx/dmqlzsr96ds532ms_yj3qdkw0000gn/T/Jetty_localhost_9090_export2664156521169135710juzu.war__juzu__.a8gco2/webapp
11788 [main] INFO org.eclipse.jetty.util.log - No Transaction manager found - if your webapp requires one, please configure one.
11794 [main] INFO org.eclipse.jetty.util.log - WebApp@1083001684 at http://localhost:9090/juzu
[JuzuServlet] Starting Application
11877 [qtp22262475-12] INFO org.jboss.weld.Bootstrap - WELD-000101 Transactional services not available. Injection of @Inject UserTransaction not available. Transactional observers will be invoked synchronously.
Tests run: 1, Failures: 0, Errors: 0, Skipped: 0, Time elapsed: 0.357 sec
Running juzu.impl.bridge.servlet.RouteActionMultivaluedQueryParamTestCase
Aug 29, 2012 12:06:41 PM org.jboss.shrinkwrap.jetty_7.api.ShrinkWrapWebAppContext <init>
INFO: Webapp archive location: file:/var/folders/wx/dmqlzsr96ds532ms_yj3qdkw0000gn/T/export2082936481600306291juzu.war
12117 [main] INFO org.eclipse.jetty.util.log - Extract jar:file:/private/var/folders/wx/dmqlzsr96ds532ms_yj3qdkw0000gn/T/export2082936481600306291juzu.war!/ to /private/var/folders/wx/dmqlzsr96ds532ms_yj3qdkw0000gn/T/Jetty_localhost_9090_export2082936481600306291juzu.war__juzu__.xheo5p/webapp
12135 [main] INFO org.eclipse.jetty.util.log - No Transaction manager found - if your webapp requires one, please configure one.
12141 [main] INFO org.eclipse.jetty.util.log - WebApp@1083001684 at http://localhost:9090/juzu
[JuzuServlet] Starting Application
12184 [qtp22262475-15] INFO org.jboss.weld.Bootstrap - WELD-000101 Transactional services not available. Injection of @Inject UserTransaction not available. Transactional observers will be invoked synchronously.
Tests run: 1, Failures: 0, Errors: 0, Skipped: 0, Time elapsed: 0.282 sec
Running juzu.impl.bridge.servlet.RouteActionPathParamTestCase
Aug 29, 2012 12:06:41 PM org.jboss.shrinkwrap.jetty_7.api.ShrinkWrapWebAppContext <init>
INFO: Webapp archive location: file:/var/folders/wx/dmqlzsr96ds532ms_yj3qdkw0000gn/T/export1628581956272041727juzu.war
12438 [main] INFO org.eclipse.jetty.util.log - Extract jar:file:/private/var/folders/wx/dmqlzsr96ds532ms_yj3qdkw0000gn/T/export1628581956272041727juzu.war!/ to /private/var/folders/wx/dmqlzsr96ds532ms_yj3qdkw0000gn/T/Jetty_localhost_9090_export1628581956272041727juzu.war__juzu__.ca0mes/webapp
12458 [main] INFO org.eclipse.jetty.util.log - No Transaction manager found - if your webapp requires one, please configure one.
12467 [main] INFO org.eclipse.jetty.util.log - WebApp@1083001684 at http://localhost:9090/juzu
[JuzuServlet] Starting Application
12540 [qtp22262475-13] INFO org.jboss.weld.Bootstrap - WELD-000101 Transactional services not available. Injection of @Inject UserTransaction not available. Transactional observers will be invoked synchronously.
Tests run: 1, Failures: 0, Errors: 0, Skipped: 0, Time elapsed: 0.397 sec
Running juzu.impl.bridge.servlet.RouteActionQueryParamTestCase
Aug 29, 2012 12:06:41 PM org.jboss.shrinkwrap.jetty_7.api.ShrinkWrapWebAppContext <init>
INFO: Webapp archive location: file:/var/folders/wx/dmqlzsr96ds532ms_yj3qdkw0000gn/T/export7359136631885130624juzu.war
12859 [main] INFO org.eclipse.jetty.util.log - Extract jar:file:/private/var/folders/wx/dmqlzsr96ds532ms_yj3qdkw0000gn/T/export7359136631885130624juzu.war!/ to /private/var/folders/wx/dmqlzsr96ds532ms_yj3qdkw0000gn/T/Jetty_localhost_9090_export7359136631885130624juzu.war__juzu__.fegwwe/webapp
12889 [main] INFO org.eclipse.jetty.util.log - No Transaction manager found - if your webapp requires one, please configure one.
12897 [main] INFO org.eclipse.jetty.util.log - WebApp@1083001684 at http://localhost:9090/juzu
[JuzuServlet] Starting Application
12962 [qtp22262475-12] INFO org.jboss.weld.Bootstrap - WELD-000101 Transactional services not available. Injection of @Inject UserTransaction not available. Transactional observers will be invoked synchronously.
Tests run: 1, Failures: 0, Errors: 0, Skipped: 0, Time elapsed: 0.414 sec
Running juzu.impl.bridge.servlet.RouteActionRedirectToViewTestCase
Aug 29, 2012 12:06:42 PM org.jboss.shrinkwrap.jetty_7.api.ShrinkWrapWebAppContext <init>
INFO: Webapp archive location: file:/var/folders/wx/dmqlzsr96ds532ms_yj3qdkw0000gn/T/export2316411076971288382juzu.war
13232 [main] INFO org.eclipse.jetty.util.log - Extract jar:file:/private/var/folders/wx/dmqlzsr96ds532ms_yj3qdkw0000gn/T/export2316411076971288382juzu.war!/ to /private/var/folders/wx/dmqlzsr96ds532ms_yj3qdkw0000gn/T/Jetty_localhost_9090_export2316411076971288382juzu.war__juzu__.8aufb0/webapp
13254 [main] INFO org.eclipse.jetty.util.log - No Transaction manager found - if your webapp requires one, please configure one.
13261 [main] INFO org.eclipse.jetty.util.log - WebApp@1083001684 at http://localhost:9090/juzu
[JuzuServlet] Starting Application
13320 [qtp22262475-14] INFO org.jboss.weld.Bootstrap - WELD-000101 Transactional services not available. Injection of @Inject UserTransaction not available. Transactional observers will be invoked synchronously.
Tests run: 1, Failures: 0, Errors: 0, Skipped: 0, Time elapsed: 0.346 sec
Running juzu.impl.bridge.servlet.RouteModuleTestCase
Aug 29, 2012 12:06:42 PM org.jboss.shrinkwrap.jetty_7.api.ShrinkWrapWebAppContext <init>
INFO: Webapp archive location: file:/var/folders/wx/dmqlzsr96ds532ms_yj3qdkw0000gn/T/export7557315384197307675juzu.war
13576 [main] INFO org.eclipse.jetty.util.log - Extract jar:file:/private/var/folders/wx/dmqlzsr96ds532ms_yj3qdkw0000gn/T/export7557315384197307675juzu.war!/ to /private/var/folders/wx/dmqlzsr96ds532ms_yj3qdkw0000gn/T/Jetty_localhost_9090_export7557315384197307675juzu.war__juzu__c965y8/webapp
13612 [main] INFO org.eclipse.jetty.util.log - No Transaction manager found - if your webapp requires one, please configure one.
13621 [main] INFO org.eclipse.jetty.util.log - WebApp@1083001684 at http://localhost:9090/juzu
13652 [qtp22262475-17] WARN /juzu - unavailable
java.lang.ClassNotFoundException: bridge.servlet.route.action.redirecttoview.Application
	at java.net.URLClassLoader$1.run(URLClassLoader.java:202)
	at java.security.AccessController.doPrivileged(Native Method)
	at java.net.URLClassLoader.findClass(URLClassLoader.java:190)
	at org.eclipse.jetty.webapp.WebAppClassLoader.loadClass(WebAppClassLoader.java:341)
	at org.eclipse.jetty.webapp.WebAppClassLoader.loadClass(WebAppClassLoader.java:303)
	at juzu.impl.plugin.application.ApplicationRuntime.doBoot(ApplicationRuntime.java:303)
	at juzu.impl.plugin.application.ApplicationRuntime$Static.start(ApplicationRuntime.java:195)
	at juzu.impl.bridge.Bridge.boot(Bridge.java:102)
	at juzu.impl.bridge.spi.standalone.Handler$Single.<init>(Handler.java:66)
	at juzu.impl.bridge.spi.standalone.ServletBridge.init(ServletBridge.java:163)
	at javax.servlet.GenericServlet.init(GenericServlet.java:241)
	at org.eclipse.jetty.servlet.ServletHolder.initServlet(ServletHolder.java:421)
	at org.eclipse.jetty.servlet.ServletHolder.getServlet(ServletHolder.java:316)
	at org.eclipse.jetty.servlet.ServletHolder.handle(ServletHolder.java:507)
	at org.eclipse.jetty.servlet.ServletHandler.doHandle(ServletHandler.java:426)
	at org.eclipse.jetty.server.handler.ScopedHandler.handle(ScopedHandler.java:119)
	at org.eclipse.jetty.security.SecurityHandler.handle(SecurityHandler.java:494)
	at org.eclipse.jetty.server.session.SessionHandler.doHandle(SessionHandler.java:229)
	at org.eclipse.jetty.server.handler.ContextHandler.doHandle(ContextHandler.java:931)
	at org.eclipse.jetty.servlet.ServletHandler.doScope(ServletHandler.java:361)
	at org.eclipse.jetty.server.session.SessionHandler.doScope(SessionHandler.java:186)
	at org.eclipse.jetty.server.handler.ContextHandler.doScope(ContextHandler.java:867)
	at org.eclipse.jetty.server.handler.ScopedHandler.handle(ScopedHandler.java:117)
	at org.eclipse.jetty.server.handler.HandlerCollection.handle(HandlerCollection.java:126)
	at org.eclipse.jetty.server.handler.HandlerWrapper.handle(HandlerWrapper.java:113)
	at org.eclipse.jetty.server.Server.handle(Server.java:337)
	at org.eclipse.jetty.server.HttpConnection.handleRequest(HttpConnection.java:581)
	at org.eclipse.jetty.server.HttpConnection$RequestHandler.headerComplete(HttpConnection.java:1005)
	at org.eclipse.jetty.http.HttpParser.parseNext(HttpParser.java:560)
	at org.eclipse.jetty.http.HttpParser.parseAvailable(HttpParser.java:222)
	at org.eclipse.jetty.server.HttpConnection.handle(HttpConnection.java:417)
	at org.eclipse.jetty.io.nio.SelectChannelEndPoint.run(SelectChannelEndPoint.java:474)
	at org.eclipse.jetty.util.thread.QueuedThreadPool$2.run(QueuedThreadPool.java:437)
	at java.lang.Thread.run(Thread.java:680)
13653 [qtp22262475-17] WARN org.eclipse.jetty.util.log - /juzu/foo
java.lang.ClassNotFoundException: bridge.servlet.route.action.redirecttoview.Application
	at java.net.URLClassLoader$1.run(URLClassLoader.java:202)
	at java.security.AccessController.doPrivileged(Native Method)
	at java.net.URLClassLoader.findClass(URLClassLoader.java:190)
	at org.eclipse.jetty.webapp.WebAppClassLoader.loadClass(WebAppClassLoader.java:341)
	at org.eclipse.jetty.webapp.WebAppClassLoader.loadClass(WebAppClassLoader.java:303)
	at juzu.impl.plugin.application.ApplicationRuntime.doBoot(ApplicationRuntime.java:303)
	at juzu.impl.plugin.application.ApplicationRuntime$Static.start(ApplicationRuntime.java:195)
	at juzu.impl.bridge.Bridge.boot(Bridge.java:102)
	at juzu.impl.bridge.spi.standalone.Handler$Single.<init>(Handler.java:66)
	at juzu.impl.bridge.spi.standalone.ServletBridge.init(ServletBridge.java:163)
	at javax.servlet.GenericServlet.init(GenericServlet.java:241)
	at org.eclipse.jetty.servlet.ServletHolder.initServlet(ServletHolder.java:421)
	at org.eclipse.jetty.servlet.ServletHolder.getServlet(ServletHolder.java:316)
	at org.eclipse.jetty.servlet.ServletHolder.handle(ServletHolder.java:507)
	at org.eclipse.jetty.servlet.ServletHandler.doHandle(ServletHandler.java:426)
	at org.eclipse.jetty.server.handler.ScopedHandler.handle(ScopedHandler.java:119)
	at org.eclipse.jetty.security.SecurityHandler.handle(SecurityHandler.java:494)
	at org.eclipse.jetty.server.session.SessionHandler.doHandle(SessionHandler.java:229)
	at org.eclipse.jetty.server.handler.ContextHandler.doHandle(ContextHandler.java:931)
	at org.eclipse.jetty.servlet.ServletHandler.doScope(ServletHandler.java:361)
	at org.eclipse.jetty.server.session.SessionHandler.doScope(SessionHandler.java:186)
	at org.eclipse.jetty.server.handler.ContextHandler.doScope(ContextHandler.java:867)
	at org.eclipse.jetty.server.handler.ScopedHandler.handle(ScopedHandler.java:117)
	at org.eclipse.jetty.server.handler.HandlerCollection.handle(HandlerCollection.java:126)
	at org.eclipse.jetty.server.handler.HandlerWrapper.handle(HandlerWrapper.java:113)
	at org.eclipse.jetty.server.Server.handle(Server.java:337)
	at org.eclipse.jetty.server.HttpConnection.handleRequest(HttpConnection.java:581)
	at org.eclipse.jetty.server.HttpConnection$RequestHandler.headerComplete(HttpConnection.java:1005)
	at org.eclipse.jetty.http.HttpParser.parseNext(HttpParser.java:560)
	at org.eclipse.jetty.http.HttpParser.parseAvailable(HttpParser.java:222)
	at org.eclipse.jetty.server.HttpConnection.handle(HttpConnection.java:417)
	at org.eclipse.jetty.io.nio.SelectChannelEndPoint.run(SelectChannelEndPoint.java:474)
	at org.eclipse.jetty.util.thread.QueuedThreadPool$2.run(QueuedThreadPool.java:437)
	at java.lang.Thread.run(Thread.java:680)
Tests run: 2, Failures: 2, Errors: 0, Skipped: 0, Time elapsed: 0.245 sec <<< FAILURE!
Running juzu.impl.bridge.servlet.RouteOverloadActionAndViewTestCase
Aug 29, 2012 12:06:42 PM org.jboss.shrinkwrap.jetty_7.api.ShrinkWrapWebAppContext <init>
INFO: Webapp archive location: file:/var/folders/wx/dmqlzsr96ds532ms_yj3qdkw0000gn/T/export1177356223719045270juzu.war
13844 [main] INFO org.eclipse.jetty.util.log - Extract jar:file:/private/var/folders/wx/dmqlzsr96ds532ms_yj3qdkw0000gn/T/export1177356223719045270juzu.war!/ to /private/var/folders/wx/dmqlzsr96ds532ms_yj3qdkw0000gn/T/Jetty_localhost_9090_export1177356223719045270juzu.war__juzu__.no0gh5/webapp
13872 [main] INFO org.eclipse.jetty.util.log - No Transaction manager found - if your webapp requires one, please configure one.
13881 [main] INFO org.eclipse.jetty.util.log - WebApp@1083001684 at http://localhost:9090/juzu
[JuzuServlet] Starting Application
13938 [qtp22262475-12] INFO org.jboss.weld.Bootstrap - WELD-000101 Transactional services not available. Injection of @Inject UserTransaction not available. Transactional observers will be invoked synchronously.
Tests run: 1, Failures: 0, Errors: 0, Skipped: 0, Time elapsed: 0.334 sec
Running juzu.impl.bridge.servlet.RouteResourceBodyParamTestCase
Aug 29, 2012 12:06:43 PM org.jboss.shrinkwrap.jetty_7.api.ShrinkWrapWebAppContext <init>
INFO: Webapp archive location: file:/var/folders/wx/dmqlzsr96ds532ms_yj3qdkw0000gn/T/export3160194150814468776juzu.war
14160 [main] INFO org.eclipse.jetty.util.log - Extract jar:file:/private/var/folders/wx/dmqlzsr96ds532ms_yj3qdkw0000gn/T/export3160194150814468776juzu.war!/ to /private/var/folders/wx/dmqlzsr96ds532ms_yj3qdkw0000gn/T/Jetty_localhost_9090_export3160194150814468776juzu.war__juzu__.3pfxci/webapp
14179 [main] INFO org.eclipse.jetty.util.log - No Transaction manager found - if your webapp requires one, please configure one.
14186 [main] INFO org.eclipse.jetty.util.log - WebApp@1083001684 at http://localhost:9090/juzu
[JuzuServlet] Starting Application
14242 [qtp22262475-15] INFO org.jboss.weld.Bootstrap - WELD-000101 Transactional services not available. Injection of @Inject UserTransaction not available. Transactional observers will be invoked synchronously.
Tests run: 1, Failures: 0, Errors: 0, Skipped: 0, Time elapsed: 0.313 sec
Running juzu.impl.bridge.servlet.RouteResourceMultivaluedQueryParamTestCase
Aug 29, 2012 12:06:43 PM org.jboss.shrinkwrap.jetty_7.api.ShrinkWrapWebAppContext <init>
INFO: Webapp archive location: file:/var/folders/wx/dmqlzsr96ds532ms_yj3qdkw0000gn/T/export7407714721198537760juzu.war
14498 [main] INFO org.eclipse.jetty.util.log - Extract jar:file:/private/var/folders/wx/dmqlzsr96ds532ms_yj3qdkw0000gn/T/export7407714721198537760juzu.war!/ to /private/var/folders/wx/dmqlzsr96ds532ms_yj3qdkw0000gn/T/Jetty_localhost_9090_export7407714721198537760juzu.war__juzu__.fny313/webapp
14521 [main] INFO org.eclipse.jetty.util.log - No Transaction manager found - if your webapp requires one, please configure one.
14531 [main] INFO org.eclipse.jetty.util.log - WebApp@1083001684 at http://localhost:9090/juzu
[JuzuServlet] Starting Application
14602 [qtp22262475-12] INFO org.jboss.weld.Bootstrap - WELD-000101 Transactional services not available. Injection of @Inject UserTransaction not available. Transactional observers will be invoked synchronously.
Tests run: 1, Failures: 0, Errors: 0, Skipped: 0, Time elapsed: 0.346 sec
Running juzu.impl.bridge.servlet.RouteResourcePathMappingTestCase
Aug 29, 2012 12:06:43 PM org.jboss.shrinkwrap.jetty_7.api.ShrinkWrapWebAppContext <init>
INFO: Webapp archive location: file:/var/folders/wx/dmqlzsr96ds532ms_yj3qdkw0000gn/T/export8572290900372881608juzu.war
14815 [main] INFO org.eclipse.jetty.util.log - Extract jar:file:/private/var/folders/wx/dmqlzsr96ds532ms_yj3qdkw0000gn/T/export8572290900372881608juzu.war!/ to /private/var/folders/wx/dmqlzsr96ds532ms_yj3qdkw0000gn/T/Jetty_localhost_9090_export8572290900372881608juzu.war__juzu__.irsr9e/webapp
14840 [main] INFO org.eclipse.jetty.util.log - No Transaction manager found - if your webapp requires one, please configure one.
14847 [main] INFO org.eclipse.jetty.util.log - WebApp@1083001684 at http://localhost:9090/juzu
[JuzuServlet] Starting Application
14913 [qtp22262475-15] INFO org.jboss.weld.Bootstrap - WELD-000101 Transactional services not available. Injection of @Inject UserTransaction not available. Transactional observers will be invoked synchronously.
Tests run: 1, Failures: 0, Errors: 0, Skipped: 0, Time elapsed: 0.308 sec
Running juzu.impl.bridge.servlet.RouteResourcePathParamTestCase
Aug 29, 2012 12:06:44 PM org.jboss.shrinkwrap.jetty_7.api.ShrinkWrapWebAppContext <init>
INFO: Webapp archive location: file:/var/folders/wx/dmqlzsr96ds532ms_yj3qdkw0000gn/T/export6751418237229453744juzu.war
15133 [main] INFO org.eclipse.jetty.util.log - Extract jar:file:/private/var/folders/wx/dmqlzsr96ds532ms_yj3qdkw0000gn/T/export6751418237229453744juzu.war!/ to /private/var/folders/wx/dmqlzsr96ds532ms_yj3qdkw0000gn/T/Jetty_localhost_9090_export6751418237229453744juzu.war__juzu__.arjpv9/webapp
15154 [main] INFO org.eclipse.jetty.util.log - No Transaction manager found - if your webapp requires one, please configure one.
15161 [main] INFO org.eclipse.jetty.util.log - WebApp@1083001684 at http://localhost:9090/juzu
[JuzuServlet] Starting Application
15208 [qtp22262475-12] INFO org.jboss.weld.Bootstrap - WELD-000101 Transactional services not available. Injection of @Inject UserTransaction not available. Transactional observers will be invoked synchronously.
Tests run: 1, Failures: 0, Errors: 0, Skipped: 0, Time elapsed: 0.292 sec
Running juzu.impl.bridge.servlet.RouteResourceQueryParamTestCase
Aug 29, 2012 12:06:44 PM org.jboss.shrinkwrap.jetty_7.api.ShrinkWrapWebAppContext <init>
INFO: Webapp archive location: file:/var/folders/wx/dmqlzsr96ds532ms_yj3qdkw0000gn/T/export8353290081152616980juzu.war
15427 [main] INFO org.eclipse.jetty.util.log - Extract jar:file:/private/var/folders/wx/dmqlzsr96ds532ms_yj3qdkw0000gn/T/export8353290081152616980juzu.war!/ to /private/var/folders/wx/dmqlzsr96ds532ms_yj3qdkw0000gn/T/Jetty_localhost_9090_export8353290081152616980juzu.war__juzu__a0h53a/webapp
15448 [main] INFO org.eclipse.jetty.util.log - No Transaction manager found - if your webapp requires one, please configure one.
15455 [main] INFO org.eclipse.jetty.util.log - WebApp@1083001684 at http://localhost:9090/juzu
[JuzuServlet] Starting Application
15513 [qtp22262475-17] INFO org.jboss.weld.Bootstrap - WELD-000101 Transactional services not available. Injection of @Inject UserTransaction not available. Transactional observers will be invoked synchronously.
Tests run: 1, Failures: 0, Errors: 0, Skipped: 0, Time elapsed: 0.317 sec
Running juzu.impl.bridge.servlet.RouteSelectionPatternAndPattern1TestCase
Aug 29, 2012 12:06:44 PM org.jboss.shrinkwrap.jetty_7.api.ShrinkWrapWebAppContext <init>
INFO: Webapp archive location: file:/var/folders/wx/dmqlzsr96ds532ms_yj3qdkw0000gn/T/export1702701846917762078juzu.war
15761 [main] INFO org.eclipse.jetty.util.log - Extract jar:file:/private/var/folders/wx/dmqlzsr96ds532ms_yj3qdkw0000gn/T/export1702701846917762078juzu.war!/ to /private/var/folders/wx/dmqlzsr96ds532ms_yj3qdkw0000gn/T/Jetty_localhost_9090_export1702701846917762078juzu.war__juzu__4padzy/webapp
15790 [main] INFO org.eclipse.jetty.util.log - No Transaction manager found - if your webapp requires one, please configure one.
15797 [main] INFO org.eclipse.jetty.util.log - WebApp@1083001684 at http://localhost:9090/juzu
[JuzuServlet] Starting Application
15862 [qtp22262475-18] INFO org.jboss.weld.Bootstrap - WELD-000101 Transactional services not available. Injection of @Inject UserTransaction not available. Transactional observers will be invoked synchronously.
Tests run: 1, Failures: 0, Errors: 0, Skipped: 0, Time elapsed: 0.337 sec
Running juzu.impl.bridge.servlet.RouteSelectionPatternAndPattern2TestCase
Aug 29, 2012 12:06:45 PM org.jboss.shrinkwrap.jetty_7.api.ShrinkWrapWebAppContext <init>
INFO: Webapp archive location: file:/var/folders/wx/dmqlzsr96ds532ms_yj3qdkw0000gn/T/export5057943171612171428juzu.war
16099 [main] INFO org.eclipse.jetty.util.log - Extract jar:file:/private/var/folders/wx/dmqlzsr96ds532ms_yj3qdkw0000gn/T/export5057943171612171428juzu.war!/ to /private/var/folders/wx/dmqlzsr96ds532ms_yj3qdkw0000gn/T/Jetty_localhost_9090_export5057943171612171428juzu.war__juzu__.fzpd0l/webapp
16118 [main] INFO org.eclipse.jetty.util.log - No Transaction manager found - if your webapp requires one, please configure one.
16124 [main] INFO org.eclipse.jetty.util.log - WebApp@1083001684 at http://localhost:9090/juzu
[JuzuServlet] Starting Application
16171 [qtp22262475-16] INFO org.jboss.weld.Bootstrap - WELD-000101 Transactional services not available. Injection of @Inject UserTransaction not available. Transactional observers will be invoked synchronously.
Tests run: 1, Failures: 0, Errors: 0, Skipped: 0, Time elapsed: 0.301 sec
Running juzu.impl.bridge.servlet.RouteSelectionSegmentAndPattern1TestCase
Aug 29, 2012 12:06:45 PM org.jboss.shrinkwrap.jetty_7.api.ShrinkWrapWebAppContext <init>
INFO: Webapp archive location: file:/var/folders/wx/dmqlzsr96ds532ms_yj3qdkw0000gn/T/export3218317020490840615juzu.war
16374 [main] INFO org.eclipse.jetty.util.log - Extract jar:file:/private/var/folders/wx/dmqlzsr96ds532ms_yj3qdkw0000gn/T/export3218317020490840615juzu.war!/ to /private/var/folders/wx/dmqlzsr96ds532ms_yj3qdkw0000gn/T/Jetty_localhost_9090_export3218317020490840615juzu.war__juzu__u2hbbv/webapp
16404 [main] INFO org.eclipse.jetty.util.log - No Transaction manager found - if your webapp requires one, please configure one.
16412 [main] INFO org.eclipse.jetty.util.log - WebApp@1083001684 at http://localhost:9090/juzu
[JuzuServlet] Starting Application
16459 [qtp22262475-14] INFO org.jboss.weld.Bootstrap - WELD-000101 Transactional services not available. Injection of @Inject UserTransaction not available. Transactional observers will be invoked synchronously.
Tests run: 1, Failures: 0, Errors: 0, Skipped: 0, Time elapsed: 0.282 sec
Running juzu.impl.bridge.servlet.RouteSelectionSegmentAndPattern2TestCase
Aug 29, 2012 12:06:45 PM org.jboss.shrinkwrap.jetty_7.api.ShrinkWrapWebAppContext <init>
INFO: Webapp archive location: file:/var/folders/wx/dmqlzsr96ds532ms_yj3qdkw0000gn/T/export1369840314599426038juzu.war
16664 [main] INFO org.eclipse.jetty.util.log - Extract jar:file:/private/var/folders/wx/dmqlzsr96ds532ms_yj3qdkw0000gn/T/export1369840314599426038juzu.war!/ to /private/var/folders/wx/dmqlzsr96ds532ms_yj3qdkw0000gn/T/Jetty_localhost_9090_export1369840314599426038juzu.war__juzu__138wue/webapp
16682 [main] INFO org.eclipse.jetty.util.log - No Transaction manager found - if your webapp requires one, please configure one.
16688 [main] INFO org.eclipse.jetty.util.log - WebApp@1083001684 at http://localhost:9090/juzu
[JuzuServlet] Starting Application
16736 [qtp22262475-16] INFO org.jboss.weld.Bootstrap - WELD-000101 Transactional services not available. Injection of @Inject UserTransaction not available. Transactional observers will be invoked synchronously.
Tests run: 1, Failures: 0, Errors: 0, Skipped: 0, Time elapsed: 0.29 sec
Running juzu.impl.bridge.servlet.RouteViewBodyParamTestCase
Aug 29, 2012 12:06:45 PM org.jboss.shrinkwrap.jetty_7.api.ShrinkWrapWebAppContext <init>
INFO: Webapp archive location: file:/var/folders/wx/dmqlzsr96ds532ms_yj3qdkw0000gn/T/export8893594454057870976juzu.war
16965 [main] INFO org.eclipse.jetty.util.log - Extract jar:file:/private/var/folders/wx/dmqlzsr96ds532ms_yj3qdkw0000gn/T/export8893594454057870976juzu.war!/ to /private/var/folders/wx/dmqlzsr96ds532ms_yj3qdkw0000gn/T/Jetty_localhost_9090_export8893594454057870976juzu.war__juzu__h7656d/webapp
16998 [main] INFO org.eclipse.jetty.util.log - No Transaction manager found - if your webapp requires one, please configure one.
17010 [main] INFO org.eclipse.jetty.util.log - WebApp@1083001684 at http://localhost:9090/juzu
[JuzuServlet] Starting Application
17072 [qtp22262475-14] INFO org.jboss.weld.Bootstrap - WELD-000101 Transactional services not available. Injection of @Inject UserTransaction not available. Transactional observers will be invoked synchronously.
Tests run: 1, Failures: 0, Errors: 0, Skipped: 0, Time elapsed: 0.318 sec
Running juzu.impl.bridge.servlet.RouteViewMultivaluedQueryParamTestCase
Aug 29, 2012 12:06:46 PM org.jboss.shrinkwrap.jetty_7.api.ShrinkWrapWebAppContext <init>
INFO: Webapp archive location: file:/var/folders/wx/dmqlzsr96ds532ms_yj3qdkw0000gn/T/export1492116994675541659juzu.war
17273 [main] INFO org.eclipse.jetty.util.log - Extract jar:file:/private/var/folders/wx/dmqlzsr96ds532ms_yj3qdkw0000gn/T/export1492116994675541659juzu.war!/ to /private/var/folders/wx/dmqlzsr96ds532ms_yj3qdkw0000gn/T/Jetty_localhost_9090_export1492116994675541659juzu.war__juzu__nxv9bj/webapp
17289 [main] INFO org.eclipse.jetty.util.log - No Transaction manager found - if your webapp requires one, please configure one.
17296 [main] INFO org.eclipse.jetty.util.log - WebApp@1083001684 at http://localhost:9090/juzu
[JuzuServlet] Starting Application
17349 [qtp22262475-16] INFO org.jboss.weld.Bootstrap - WELD-000101 Transactional services not available. Injection of @Inject UserTransaction not available. Transactional observers will be invoked synchronously.
Tests run: 1, Failures: 0, Errors: 0, Skipped: 0, Time elapsed: 0.266 sec
Running juzu.impl.bridge.servlet.RouteViewPathMappingTestCase
Aug 29, 2012 12:06:46 PM org.jboss.shrinkwrap.jetty_7.api.ShrinkWrapWebAppContext <init>
INFO: Webapp archive location: file:/var/folders/wx/dmqlzsr96ds532ms_yj3qdkw0000gn/T/export7150922621760562044juzu.war
17526 [main] INFO org.eclipse.jetty.util.log - Extract jar:file:/private/var/folders/wx/dmqlzsr96ds532ms_yj3qdkw0000gn/T/export7150922621760562044juzu.war!/ to /private/var/folders/wx/dmqlzsr96ds532ms_yj3qdkw0000gn/T/Jetty_localhost_9090_export7150922621760562044juzu.war__juzu__.z7gsy6/webapp
17544 [main] INFO org.eclipse.jetty.util.log - No Transaction manager found - if your webapp requires one, please configure one.
17551 [main] INFO org.eclipse.jetty.util.log - WebApp@1083001684 at http://localhost:9090/juzu
[JuzuServlet] Starting Application
17620 [qtp22262475-18] INFO org.jboss.weld.Bootstrap - WELD-000101 Transactional services not available. Injection of @Inject UserTransaction not available. Transactional observers will be invoked synchronously.
Tests run: 1, Failures: 0, Errors: 0, Skipped: 0, Time elapsed: 0.256 sec
Running juzu.impl.bridge.servlet.RouteViewPathParamTestCase
Aug 29, 2012 12:06:46 PM org.jboss.shrinkwrap.jetty_7.api.ShrinkWrapWebAppContext <init>
INFO: Webapp archive location: file:/var/folders/wx/dmqlzsr96ds532ms_yj3qdkw0000gn/T/export190044033107062403juzu.war
17786 [main] INFO org.eclipse.jetty.util.log - Extract jar:file:/private/var/folders/wx/dmqlzsr96ds532ms_yj3qdkw0000gn/T/export190044033107062403juzu.war!/ to /private/var/folders/wx/dmqlzsr96ds532ms_yj3qdkw0000gn/T/Jetty_localhost_9090_export190044033107062403juzu.war__juzu__bdnvwm/webapp
17802 [main] INFO org.eclipse.jetty.util.log - No Transaction manager found - if your webapp requires one, please configure one.
17808 [main] INFO org.eclipse.jetty.util.log - WebApp@1083001684 at http://localhost:9090/juzu
[JuzuServlet] Starting Application
17845 [qtp22262475-16] INFO org.jboss.weld.Bootstrap - WELD-000101 Transactional services not available. Injection of @Inject UserTransaction not available. Transactional observers will be invoked synchronously.
Tests run: 1, Failures: 0, Errors: 0, Skipped: 0, Time elapsed: 0.223 sec
Running juzu.impl.bridge.servlet.RouteViewQueryParamTestCase
Aug 29, 2012 12:06:46 PM org.jboss.shrinkwrap.jetty_7.api.ShrinkWrapWebAppContext <init>
INFO: Webapp archive location: file:/var/folders/wx/dmqlzsr96ds532ms_yj3qdkw0000gn/T/export3018835301993624389juzu.war
18018 [main] INFO org.eclipse.jetty.util.log - Extract jar:file:/private/var/folders/wx/dmqlzsr96ds532ms_yj3qdkw0000gn/T/export3018835301993624389juzu.war!/ to /private/var/folders/wx/dmqlzsr96ds532ms_yj3qdkw0000gn/T/Jetty_localhost_9090_export3018835301993624389juzu.war__juzu__l86ffk/webapp
18038 [main] INFO org.eclipse.jetty.util.log - No Transaction manager found - if your webapp requires one, please configure one.
18045 [main] INFO org.eclipse.jetty.util.log - WebApp@1083001684 at http://localhost:9090/juzu
[JuzuServlet] Starting Application
18095 [qtp22262475-14] INFO org.jboss.weld.Bootstrap - WELD-000101 Transactional services not available. Injection of @Inject UserTransaction not available. Transactional observers will be invoked synchronously.
Tests run: 1, Failures: 0, Errors: 0, Skipped: 0, Time elapsed: 0.239 sec
Running juzu.impl.bridge.servlet.StandaloneTestCase
Aug 29, 2012 12:06:47 PM org.jboss.shrinkwrap.jetty_7.api.ShrinkWrapWebAppContext <init>
INFO: Webapp archive location: file:/var/folders/wx/dmqlzsr96ds532ms_yj3qdkw0000gn/T/export7437014349503630026juzu.war
18251 [main] INFO org.eclipse.jetty.util.log - Extract jar:file:/private/var/folders/wx/dmqlzsr96ds532ms_yj3qdkw0000gn/T/export7437014349503630026juzu.war!/ to /private/var/folders/wx/dmqlzsr96ds532ms_yj3qdkw0000gn/T/Jetty_localhost_9090_export7437014349503630026juzu.war__juzu__rdz7tq/webapp
18273 [main] INFO org.eclipse.jetty.util.log - No Transaction manager found - if your webapp requires one, please configure one.
18280 [main] INFO org.eclipse.jetty.util.log - WebApp@1083001684 at http://localhost:9090/juzu
[JuzuServlet] Starting Application
18320 [qtp22262475-13] INFO org.jboss.weld.Bootstrap - WELD-000101 Transactional services not available. Injection of @Inject UserTransaction not available. Transactional observers will be invoked synchronously.
Tests run: 1, Failures: 0, Errors: 0, Skipped: 0, Time elapsed: 0.219 sec
Running juzu.impl.common.DevClassLoaderTestCase
Tests run: 2, Failures: 0, Errors: 0, Skipped: 0, Time elapsed: 0.033 sec
Running juzu.impl.common.IterableArrayTestCase
Tests run: 1, Failures: 0, Errors: 0, Skipped: 0, Time elapsed: 0 sec
Running juzu.impl.common.JSONTestCase
Tests run: 18, Failures: 0, Errors: 0, Skipped: 0, Time elapsed: 0.019 sec
Running juzu.impl.common.MethodHandleTestCase
Tests run: 4, Failures: 0, Errors: 0, Skipped: 0, Time elapsed: 0.002 sec
Running juzu.impl.common.PathTestCase
Tests run: 4, Failures: 0, Errors: 0, Skipped: 0, Time elapsed: 0.001 sec
Running juzu.impl.common.QN2TestCase
Tests run: 7, Failures: 0, Errors: 0, Skipped: 0, Time elapsed: 0.001 sec
Running juzu.impl.common.QualifiedNameTestCase
Tests run: 7, Failures: 0, Errors: 0, Skipped: 0, Time elapsed: 0.001 sec
Running juzu.impl.common.SpliteratorTestCase
Tests run: 6, Failures: 0, Errors: 0, Skipped: 0, Time elapsed: 0.001 sec
Running juzu.impl.common.ToolsTestCase
Tests run: 12, Failures: 0, Errors: 0, Skipped: 0, Time elapsed: 0.004 sec
Running juzu.impl.common.TrimmingExceptionTestCase
Tests run: 3, Failures: 0, Errors: 0, Skipped: 0, Time elapsed: 0.002 sec
Running juzu.impl.compiler.CompilationTestCase
Tests run: 10, Failures: 0, Errors: 0, Skipped: 0, Time elapsed: 0.086 sec
Running juzu.impl.fs.ScannerTestCase
Tests run: 3, Failures: 0, Errors: 0, Skipped: 0, Time elapsed: 0.006 sec
Running juzu.impl.fs.spi.classloader.ClassLoaderFileSystemTestCase
Tests run: 4, Failures: 0, Errors: 0, Skipped: 0, Time elapsed: 2.992 sec
Running juzu.impl.fs.spi.disk.DiskFileSystemTestCase
Tests run: 1, Failures: 0, Errors: 0, Skipped: 0, Time elapsed: 0 sec
Running juzu.impl.fs.spi.jar.JarFileSystemTestCase
url = file:/Users/julien/.m2/repository/junit/junit/4.8.2/junit-4.8.2.jar
dir 
dir META-INF
dir junit
dir junit/extensions
dir junit/framework
dir junit/runner
dir junit/textui
dir org
dir org/hamcrest
dir org/hamcrest/core
dir org/hamcrest/internal
dir org/junit
dir org/junit/experimental
dir org/junit/experimental/categories
dir org/junit/experimental/max
dir org/junit/experimental/results
dir org/junit/experimental/runners
dir org/junit/experimental/theories
dir org/junit/experimental/theories/internal
dir org/junit/experimental/theories/suppliers
dir org/junit/internal
dir org/junit/internal/builders
dir org/junit/internal/matchers
dir org/junit/internal/requests
dir org/junit/internal/runners
dir org/junit/internal/runners/model
dir org/junit/internal/runners/statements
dir org/junit/matchers
dir org/junit/rules
dir org/junit/runner
dir org/junit/runner/manipulation
dir org/junit/runner/notification
dir org/junit/runners
dir org/junit/runners/model
Tests run: 2, Failures: 0, Errors: 0, Skipped: 0, Time elapsed: 0.007 sec
Running juzu.impl.fs.spi.ram.RAMFileSystemTestCase
Tests run: 2, Failures: 0, Errors: 0, Skipped: 0, Time elapsed: 0.003 sec
Running juzu.impl.http.AjaxTestCase
Aug 29, 2012 12:06:50 PM org.jboss.shrinkwrap.jetty_7.api.ShrinkWrapWebAppContext <init>
INFO: Webapp archive location: file:/var/folders/wx/dmqlzsr96ds532ms_yj3qdkw0000gn/T/export1959891179431367669juzu.war
21613 [main] INFO org.eclipse.jetty.util.log - Extract jar:file:/private/var/folders/wx/dmqlzsr96ds532ms_yj3qdkw0000gn/T/export1959891179431367669juzu.war!/ to /private/var/folders/wx/dmqlzsr96ds532ms_yj3qdkw0000gn/T/Jetty_localhost_9090_export1959891179431367669juzu.war__juzu__gvdk7d/webapp
21633 [main] INFO org.eclipse.jetty.util.log - No Transaction manager found - if your webapp requires one, please configure one.
21639 [main] INFO org.eclipse.jetty.util.log - WebApp@1083001684 at http://localhost:9090/juzu
[] Starting Application
22202 [qtp22262475-18] INFO org.jboss.weld.Bootstrap - WELD-000101 Transactional services not available. Injection of @Inject UserTransaction not available. Transactional observers will be invoked synchronously.
Aug 29, 2012 12:06:51 PM com.gargoylesoftware.htmlunit.IncorrectnessListenerImpl notify
WARNING: Obsolete content type encountered: 'application/x-javascript'.
Aug 29, 2012 12:06:51 PM com.gargoylesoftware.htmlunit.javascript.StrictErrorReporter runtimeError
SEVERE: runtimeError: message=[The data necessary to complete this operation is not yet available.] sourceName=[http://localhost:9090/juzu/jquery.js] line=[948] lineSource=[null] lineOffset=[0]
Aug 29, 2012 12:06:51 PM com.gargoylesoftware.htmlunit.javascript.host.html.HTMLDocument jsxFunction_getElementById
WARNING: getElementById(script1346234811862) did a getElementByName for Internet Explorer
Aug 29, 2012 12:06:51 PM com.gargoylesoftware.htmlunit.javascript.StrictErrorReporter runtimeError
SEVERE: runtimeError: message=[The data necessary to complete this operation is not yet available.] sourceName=[http://localhost:9090/juzu/jquery.js] line=[948] lineSource=[null] lineOffset=[0]
Tests run: 1, Failures: 0, Errors: 0, Skipped: 0, Time elapsed: 1.474 sec
Running juzu.impl.http.BinaryTestCase
Aug 29, 2012 12:06:51 PM org.jboss.shrinkwrap.jetty_7.api.ShrinkWrapWebAppContext <init>
INFO: Webapp archive location: file:/var/folders/wx/dmqlzsr96ds532ms_yj3qdkw0000gn/T/export8640350782570682331juzu.war
23081 [main] INFO org.eclipse.jetty.util.log - Extract jar:file:/private/var/folders/wx/dmqlzsr96ds532ms_yj3qdkw0000gn/T/export8640350782570682331juzu.war!/ to /private/var/folders/wx/dmqlzsr96ds532ms_yj3qdkw0000gn/T/Jetty_localhost_9090_export8640350782570682331juzu.war__juzu__.uxsoch/webapp
23101 [main] INFO org.eclipse.jetty.util.log - No Transaction manager found - if your webapp requires one, please configure one.
23107 [main] INFO org.eclipse.jetty.util.log - WebApp@1083001684 at http://localhost:9090/juzu
[] Starting Application
23225 [qtp22262475-17] INFO org.jboss.weld.Bootstrap - WELD-000101 Transactional services not available. Injection of @Inject UserTransaction not available. Transactional observers will be invoked synchronously.
Tests run: 1, Failures: 0, Errors: 0, Skipped: 0, Time elapsed: 0.317 sec
Running juzu.impl.http.LifeCycleTestCase
Aug 29, 2012 12:06:52 PM org.jboss.shrinkwrap.jetty_7.api.ShrinkWrapWebAppContext <init>
INFO: Webapp archive location: file:/var/folders/wx/dmqlzsr96ds532ms_yj3qdkw0000gn/T/export2248126322803607200juzu.war
23400 [main] INFO org.eclipse.jetty.util.log - Extract jar:file:/private/var/folders/wx/dmqlzsr96ds532ms_yj3qdkw0000gn/T/export2248126322803607200juzu.war!/ to /private/var/folders/wx/dmqlzsr96ds532ms_yj3qdkw0000gn/T/Jetty_localhost_9090_export2248126322803607200juzu.war__juzu__.jwfav1/webapp
23422 [main] INFO org.eclipse.jetty.util.log - No Transaction manager found - if your webapp requires one, please configure one.
23428 [main] INFO org.eclipse.jetty.util.log - WebApp@1083001684 at http://localhost:9090/juzu
[] Starting Application
23538 [qtp22262475-18] INFO org.jboss.weld.Bootstrap - WELD-000101 Transactional services not available. Injection of @Inject UserTransaction not available. Transactional observers will be invoked synchronously.
Tests run: 1, Failures: 0, Errors: 0, Skipped: 0, Time elapsed: 0.348 sec
Running juzu.impl.http.NoApplicationTestCase
Aug 29, 2012 12:06:52 PM org.jboss.shrinkwrap.jetty_7.api.ShrinkWrapWebAppContext <init>
INFO: Webapp archive location: file:/var/folders/wx/dmqlzsr96ds532ms_yj3qdkw0000gn/T/export77422286142574381juzu.war
23748 [main] INFO org.eclipse.jetty.util.log - Extract jar:file:/private/var/folders/wx/dmqlzsr96ds532ms_yj3qdkw0000gn/T/export77422286142574381juzu.war!/ to /private/var/folders/wx/dmqlzsr96ds532ms_yj3qdkw0000gn/T/Jetty_localhost_9090_export77422286142574381juzu.war__juzu__8npo84/webapp
23769 [main] INFO org.eclipse.jetty.util.log - No Transaction manager found - if your webapp requires one, please configure one.
23775 [main] INFO org.eclipse.jetty.util.log - WebApp@1083001684 at http://localhost:9090/juzu
23780 [qtp22262475-15] ERROR /juzu - unavailable
java.lang.NullPointerException
	at juzu.test.protocol.http.AbstractHttpTestCase.getCurrentApplication(AbstractHttpTestCase.java:46)
	at juzu.test.protocol.http.HttpServletImpl.init(HttpServletImpl.java:100)
	at javax.servlet.GenericServlet.init(GenericServlet.java:241)
	at org.eclipse.jetty.servlet.ServletHolder.initServlet(ServletHolder.java:421)
	at org.eclipse.jetty.servlet.ServletHolder.getServlet(ServletHolder.java:316)
	at org.eclipse.jetty.servlet.ServletHolder.handle(ServletHolder.java:507)
	at org.eclipse.jetty.servlet.ServletHandler.doHandle(ServletHandler.java:426)
	at org.eclipse.jetty.server.handler.ScopedHandler.handle(ScopedHandler.java:119)
	at org.eclipse.jetty.security.SecurityHandler.handle(SecurityHandler.java:494)
	at org.eclipse.jetty.server.session.SessionHandler.doHandle(SessionHandler.java:229)
	at org.eclipse.jetty.server.handler.ContextHandler.doHandle(ContextHandler.java:931)
	at org.eclipse.jetty.servlet.ServletHandler.doScope(ServletHandler.java:361)
	at org.eclipse.jetty.server.session.SessionHandler.doScope(SessionHandler.java:186)
	at org.eclipse.jetty.server.handler.ContextHandler.doScope(ContextHandler.java:867)
	at org.eclipse.jetty.server.handler.ScopedHandler.handle(ScopedHandler.java:117)
	at org.eclipse.jetty.server.handler.HandlerCollection.handle(HandlerCollection.java:126)
	at org.eclipse.jetty.server.handler.HandlerWrapper.handle(HandlerWrapper.java:113)
	at org.eclipse.jetty.server.Server.handle(Server.java:337)
	at org.eclipse.jetty.server.HttpConnection.handleRequest(HttpConnection.java:581)
	at org.eclipse.jetty.server.HttpConnection$RequestHandler.headerComplete(HttpConnection.java:1005)
	at org.eclipse.jetty.http.HttpParser.parseNext(HttpParser.java:560)
	at org.eclipse.jetty.http.HttpParser.parseAvailable(HttpParser.java:222)
	at org.eclipse.jetty.server.HttpConnection.handle(HttpConnection.java:417)
	at org.eclipse.jetty.io.nio.SelectChannelEndPoint.run(SelectChannelEndPoint.java:474)
	at org.eclipse.jetty.util.thread.QueuedThreadPool$2.run(QueuedThreadPool.java:437)
	at java.lang.Thread.run(Thread.java:680)
23781 [qtp22262475-15] ERROR org.eclipse.jetty.util.log - /juzu/
java.lang.NullPointerException
	at juzu.test.protocol.http.AbstractHttpTestCase.getCurrentApplication(AbstractHttpTestCase.java:46)
	at juzu.test.protocol.http.HttpServletImpl.init(HttpServletImpl.java:100)
	at javax.servlet.GenericServlet.init(GenericServlet.java:241)
	at org.eclipse.jetty.servlet.ServletHolder.initServlet(ServletHolder.java:421)
	at org.eclipse.jetty.servlet.ServletHolder.getServlet(ServletHolder.java:316)
	at org.eclipse.jetty.servlet.ServletHolder.handle(ServletHolder.java:507)
	at org.eclipse.jetty.servlet.ServletHandler.doHandle(ServletHandler.java:426)
	at org.eclipse.jetty.server.handler.ScopedHandler.handle(ScopedHandler.java:119)
	at org.eclipse.jetty.security.SecurityHandler.handle(SecurityHandler.java:494)
	at org.eclipse.jetty.server.session.SessionHandler.doHandle(SessionHandler.java:229)
	at org.eclipse.jetty.server.handler.ContextHandler.doHandle(ContextHandler.java:931)
	at org.eclipse.jetty.servlet.ServletHandler.doScope(ServletHandler.java:361)
	at org.eclipse.jetty.server.session.SessionHandler.doScope(SessionHandler.java:186)
	at org.eclipse.jetty.server.handler.ContextHandler.doScope(ContextHandler.java:867)
	at org.eclipse.jetty.server.handler.ScopedHandler.handle(ScopedHandler.java:117)
	at org.eclipse.jetty.server.handler.HandlerCollection.handle(HandlerCollection.java:126)
	at org.eclipse.jetty.server.handler.HandlerWrapper.handle(HandlerWrapper.java:113)
	at org.eclipse.jetty.server.Server.handle(Server.java:337)
	at org.eclipse.jetty.server.HttpConnection.handleRequest(HttpConnection.java:581)
	at org.eclipse.jetty.server.HttpConnection$RequestHandler.headerComplete(HttpConnection.java:1005)
	at org.eclipse.jetty.http.HttpParser.parseNext(HttpParser.java:560)
	at org.eclipse.jetty.http.HttpParser.parseAvailable(HttpParser.java:222)
	at org.eclipse.jetty.server.HttpConnection.handle(HttpConnection.java:417)
	at org.eclipse.jetty.io.nio.SelectChannelEndPoint.run(SelectChannelEndPoint.java:474)
	at org.eclipse.jetty.util.thread.QueuedThreadPool$2.run(QueuedThreadPool.java:437)
	at java.lang.Thread.run(Thread.java:680)
Tests run: 1, Failures: 0, Errors: 0, Skipped: 0, Time elapsed: 0.076 sec
Running juzu.impl.http.RedirectTestCase
Aug 29, 2012 12:06:52 PM org.jboss.shrinkwrap.jetty_7.api.ShrinkWrapWebAppContext <init>
INFO: Webapp archive location: file:/var/folders/wx/dmqlzsr96ds532ms_yj3qdkw0000gn/T/export3845369827757226236juzu.war
23838 [main] INFO org.eclipse.jetty.util.log - Extract jar:file:/private/var/folders/wx/dmqlzsr96ds532ms_yj3qdkw0000gn/T/export3845369827757226236juzu.war!/ to /private/var/folders/wx/dmqlzsr96ds532ms_yj3qdkw0000gn/T/Jetty_localhost_9090_export3845369827757226236juzu.war__juzu__vmfzdy/webapp
23861 [main] INFO org.eclipse.jetty.util.log - No Transaction manager found - if your webapp requires one, please configure one.
23868 [main] INFO org.eclipse.jetty.util.log - WebApp@1083001684 at http://localhost:9090/juzu
[] Starting Application
23976 [qtp22262475-14] INFO org.jboss.weld.Bootstrap - WELD-000101 Transactional services not available. Injection of @Inject UserTransaction not available. Transactional observers will be invoked synchronously.
Tests run: 1, Failures: 0, Errors: 0, Skipped: 0, Time elapsed: 0.33 sec
Running juzu.impl.http.ResourceOrderTestCase
Aug 29, 2012 12:06:53 PM org.jboss.shrinkwrap.jetty_7.api.ShrinkWrapWebAppContext <init>
INFO: Webapp archive location: file:/var/folders/wx/dmqlzsr96ds532ms_yj3qdkw0000gn/T/export6571805940385666771juzu.war
24156 [main] INFO org.eclipse.jetty.util.log - Extract jar:file:/private/var/folders/wx/dmqlzsr96ds532ms_yj3qdkw0000gn/T/export6571805940385666771juzu.war!/ to /private/var/folders/wx/dmqlzsr96ds532ms_yj3qdkw0000gn/T/Jetty_localhost_9090_export6571805940385666771juzu.war__juzu__hyuotz/webapp
24177 [main] INFO org.eclipse.jetty.util.log - No Transaction manager found - if your webapp requires one, please configure one.
24184 [main] INFO org.eclipse.jetty.util.log - WebApp@1083001684 at http://localhost:9090/juzu
[] Starting Application
24300 [qtp22262475-16] INFO org.jboss.weld.Bootstrap - WELD-000101 Transactional services not available. Injection of @Inject UserTransaction not available. Transactional observers will be invoked synchronously.
Aug 29, 2012 12:06:53 PM com.gargoylesoftware.htmlunit.IncorrectnessListenerImpl notify
WARNING: Expected content type of 'application/javascript' or 'application/ecmascript' for remotely loaded JavaScript element at 'http://localhost:9090/juzu/assets/jquery-1.7.1.js', but got ''.
Aug 29, 2012 12:06:53 PM com.gargoylesoftware.htmlunit.IncorrectnessListenerImpl notify
WARNING: Expected content type of 'application/javascript' or 'application/ecmascript' for remotely loaded JavaScript element at 'http://localhost:9090/juzu/assets/main.css', but got ''.
Aug 29, 2012 12:06:53 PM com.gargoylesoftware.htmlunit.IncorrectnessListenerImpl notify
WARNING: Expected content type of 'application/javascript' or 'application/ecmascript' for remotely loaded JavaScript element at 'http://localhost:9090/juzu/assets/main.less', but got ''.
Tests run: 1, Failures: 0, Errors: 0, Skipped: 0, Time elapsed: 0.361 sec
Running juzu.impl.inject.spi.bound.bean.injected.field.FieldInjectedTestCase
24487 [main] INFO org.jboss.weld.Bootstrap - WELD-000101 Transactional services not available. Injection of @Inject UserTransaction not available. Transactional observers will be invoked synchronously.
Aug 29, 2012 12:06:53 PM org.springframework.beans.factory.annotation.AutowiredAnnotationBeanPostProcessor <init>
INFO: JSR-330 'javax.inject.Inject' annotation found and supported for autowiring
Tests run: 3, Failures: 0, Errors: 0, Skipped: 0, Time elapsed: 0.062 sec
Running juzu.impl.inject.spi.bound.bean.injected.install.InstallInjectedTestCase
24547 [main] INFO org.jboss.weld.Bootstrap - WELD-000101 Transactional services not available. Injection of @Inject UserTransaction not available. Transactional observers will be invoked synchronously.
Aug 29, 2012 12:06:53 PM org.springframework.beans.factory.annotation.AutowiredAnnotationBeanPostProcessor <init>
INFO: JSR-330 'javax.inject.Inject' annotation found and supported for autowiring
Tests run: 3, Failures: 0, Errors: 0, Skipped: 0, Time elapsed: 0.04 sec
Running juzu.impl.inject.spi.bound.bean.injection.BoundBeanInjectionTestCase
24587 [main] INFO org.jboss.weld.Bootstrap - WELD-000101 Transactional services not available. Injection of @Inject UserTransaction not available. Transactional observers will be invoked synchronously.
Aug 29, 2012 12:06:53 PM org.springframework.beans.factory.annotation.AutowiredAnnotationBeanPostProcessor <init>
INFO: JSR-330 'javax.inject.Inject' annotation found and supported for autowiring
Tests run: 3, Failures: 0, Errors: 0, Skipped: 0, Time elapsed: 0.027 sec
Running juzu.impl.inject.spi.bound.bean.qualifier.declared.BoundBeanQualifierDeclaredTestCase
24616 [main] INFO org.jboss.weld.Bootstrap - WELD-000101 Transactional services not available. Injection of @Inject UserTransaction not available. Transactional observers will be invoked synchronously.
Aug 29, 2012 12:06:53 PM org.springframework.beans.factory.annotation.AutowiredAnnotationBeanPostProcessor <init>
INFO: JSR-330 'javax.inject.Inject' annotation found and supported for autowiring
Tests run: 3, Failures: 0, Errors: 0, Skipped: 0, Time elapsed: 0.039 sec
Running juzu.impl.inject.spi.bound.bean.qualifier.introspected.BoundBeanQualifierIntrospectedTestCase
24655 [main] INFO org.jboss.weld.Bootstrap - WELD-000101 Transactional services not available. Injection of @Inject UserTransaction not available. Transactional observers will be invoked synchronously.
Aug 29, 2012 12:06:53 PM org.springframework.beans.factory.annotation.AutowiredAnnotationBeanPostProcessor <init>
INFO: JSR-330 'javax.inject.Inject' annotation found and supported for autowiring
Tests run: 3, Failures: 0, Errors: 0, Skipped: 0, Time elapsed: 0.028 sec
Running juzu.impl.inject.spi.bound.bean.supertype.BoundBeanBeanSuperTypeTestCase
24684 [main] INFO org.jboss.weld.Bootstrap - WELD-000101 Transactional services not available. Injection of @Inject UserTransaction not available. Transactional observers will be invoked synchronously.
Aug 29, 2012 12:06:53 PM org.springframework.beans.factory.annotation.AutowiredAnnotationBeanPostProcessor <init>
INFO: JSR-330 'javax.inject.Inject' annotation found and supported for autowiring
Tests run: 3, Failures: 0, Errors: 0, Skipped: 0, Time elapsed: 0.026 sec
Running juzu.impl.inject.spi.bound.provider.qualifier.declared.BoundProviderQualifierDeclaredTestCase
24712 [main] INFO org.jboss.weld.Bootstrap - WELD-000101 Transactional services not available. Injection of @Inject UserTransaction not available. Transactional observers will be invoked synchronously.
Aug 29, 2012 12:06:53 PM org.springframework.beans.factory.annotation.AutowiredAnnotationBeanPostProcessor <init>
INFO: JSR-330 'javax.inject.Inject' annotation found and supported for autowiring
Tests run: 3, Failures: 0, Errors: 0, Skipped: 0, Time elapsed: 0.041 sec
Running juzu.impl.inject.spi.bound.provider.scope.declared.BoundProviderScopeDeclaredTestCase
24754 [main] INFO org.jboss.weld.Bootstrap - WELD-000101 Transactional services not available. Injection of @Inject UserTransaction not available. Transactional observers will be invoked synchronously.
Aug 29, 2012 12:06:53 PM org.springframework.beans.factory.annotation.AutowiredAnnotationBeanPostProcessor <init>
INFO: JSR-330 'javax.inject.Inject' annotation found and supported for autowiring
Tests run: 3, Failures: 0, Errors: 0, Skipped: 0, Time elapsed: 0.033 sec
Running juzu.impl.inject.spi.CDIManagerTestCase
24809 [main] INFO org.jboss.weld.Bootstrap - WELD-000101 Transactional services not available. Injection of @Inject UserTransaction not available. Transactional observers will be invoked synchronously.
Tests run: 3, Failures: 0, Errors: 0, Skipped: 0, Time elapsed: 0.037 sec
Running juzu.impl.inject.spi.configuration.ConfigurationTestCase
Aug 29, 2012 12:06:53 PM org.springframework.beans.factory.xml.XmlBeanDefinitionReader loadBeanDefinitions
INFO: Loading XML bean definitions from URL [file:/Users/julien/java/juzu/core/target/test-classes/juzu/impl/inject/spi/configuration/spring.xml]
Aug 29, 2012 12:06:53 PM org.springframework.beans.factory.annotation.AutowiredAnnotationBeanPostProcessor <init>
INFO: JSR-330 'javax.inject.Inject' annotation found and supported for autowiring
Tests run: 3, Failures: 0, Errors: 0, Skipped: 0, Time elapsed: 0.189 sec
Running juzu.impl.inject.spi.constructorthrowschecked.ConstructorThrowsCheckedTestCase
25013 [main] INFO org.jboss.weld.Bootstrap - WELD-000101 Transactional services not available. Injection of @Inject UserTransaction not available. Transactional observers will be invoked synchronously.
javax.enterprise.inject.CreationException
	at sun.reflect.NativeConstructorAccessorImpl.newInstance0(Native Method)
	at sun.reflect.NativeConstructorAccessorImpl.newInstance(NativeConstructorAccessorImpl.java:39)
	at sun.reflect.DelegatingConstructorAccessorImpl.newInstance(DelegatingConstructorAccessorImpl.java:27)
	at java.lang.reflect.Constructor.newInstance(Constructor.java:513)
	at java.lang.Class.newInstance0(Class.java:355)
	at java.lang.Class.newInstance(Class.java:308)
	at org.jboss.weld.util.reflection.SecureReflections$16.work(SecureReflections.java:344)
	at org.jboss.weld.util.reflection.SecureReflectionAccess.run(SecureReflectionAccess.java:52)
	at org.jboss.weld.util.reflection.SecureReflectionAccess.runAsInstantiation(SecureReflectionAccess.java:173)
	at org.jboss.weld.util.reflection.SecureReflections.newInstance(SecureReflections.java:341)
	at org.jboss.weld.injection.Exceptions.rethrowException(Exceptions.java:33)
	at org.jboss.weld.injection.Exceptions.rethrowException(Exceptions.java:45)
	at org.jboss.weld.injection.Exceptions.rethrowException(Exceptions.java:85)
	at org.jboss.weld.injection.ConstructorInjectionPoint.newInstance(ConstructorInjectionPoint.java:125)
	at org.jboss.weld.manager.SimpleInjectionTarget.produce(SimpleInjectionTarget.java:98)
	at juzu.impl.inject.spi.cdi.DeclaredBean.create(DeclaredBean.java:56)
	at org.jboss.weld.context.unbound.DependentContextImpl.get(DependentContextImpl.java:68)
	at org.jboss.weld.manager.BeanManagerImpl.getReference(BeanManagerImpl.java:637)
	at org.jboss.weld.manager.BeanManagerImpl.getReference(BeanManagerImpl.java:664)
	at juzu.impl.inject.spi.cdi.CDIContext.get(CDIContext.java:140)
	at juzu.impl.inject.spi.cdi.CDIContext.get(CDIContext.java:38)
	at juzu.impl.inject.spi.AbstractInjectManagerTestCase.getBean(AbstractInjectManagerTestCase.java:86)
	at juzu.impl.inject.spi.constructorthrowschecked.ConstructorThrowsCheckedTestCase.test(ConstructorThrowsCheckedTestCase.java:44)
	at sun.reflect.NativeMethodAccessorImpl.invoke0(Native Method)
	at sun.reflect.NativeMethodAccessorImpl.invoke(NativeMethodAccessorImpl.java:39)
	at sun.reflect.DelegatingMethodAccessorImpl.invoke(DelegatingMethodAccessorImpl.java:25)
	at java.lang.reflect.Method.invoke(Method.java:597)
	at org.junit.runners.model.FrameworkMethod$1.runReflectiveCall(FrameworkMethod.java:44)
	at org.junit.internal.runners.model.ReflectiveCallable.run(ReflectiveCallable.java:15)
	at org.junit.runners.model.FrameworkMethod.invokeExplosively(FrameworkMethod.java:41)
	at org.junit.internal.runners.statements.InvokeMethod.evaluate(InvokeMethod.java:20)
	at org.junit.internal.runners.statements.RunBefores.evaluate(RunBefores.java:28)
	at org.junit.internal.runners.statements.RunAfters.evaluate(RunAfters.java:31)
	at org.junit.rules.TestWatchman$1.evaluate(TestWatchman.java:48)
	at org.junit.runners.BlockJUnit4ClassRunner.runNotIgnored(BlockJUnit4ClassRunner.java:79)
	at org.junit.runners.BlockJUnit4ClassRunner.runChild(BlockJUnit4ClassRunner.java:71)
	at org.junit.runners.BlockJUnit4ClassRunner.runChild(BlockJUnit4ClassRunner.java:49)
	at org.junit.runners.ParentRunner$3.run(ParentRunner.java:193)
	at org.junit.runners.ParentRunner$1.schedule(ParentRunner.java:52)
	at org.junit.runners.ParentRunner.runChildren(ParentRunner.java:191)
	at org.junit.runners.ParentRunner.access$000(ParentRunner.java:42)
	at org.junit.runners.ParentRunner$2.evaluate(ParentRunner.java:184)
	at org.junit.runners.ParentRunner.run(ParentRunner.java:236)
	at org.junit.runners.Suite.runChild(Suite.java:128)
	at org.junit.runners.Suite.runChild(Suite.java:24)
	at org.junit.runners.ParentRunner$3.run(ParentRunner.java:193)
	at org.junit.runners.ParentRunner$1.schedule(ParentRunner.java:52)
	at org.junit.runners.ParentRunner.runChildren(ParentRunner.java:191)
	at org.junit.runners.ParentRunner.access$000(ParentRunner.java:42)
	at org.junit.runners.ParentRunner$2.evaluate(ParentRunner.java:184)
	at org.junit.runners.ParentRunner.run(ParentRunner.java:236)
	at org.apache.maven.surefire.junit4.JUnit4TestSet.execute(JUnit4TestSet.java:53)
	at org.apache.maven.surefire.junit4.JUnit4Provider.executeTestSet(JUnit4Provider.java:123)
	at org.apache.maven.surefire.junit4.JUnit4Provider.invoke(JUnit4Provider.java:104)
	at sun.reflect.NativeMethodAccessorImpl.invoke0(Native Method)
	at sun.reflect.NativeMethodAccessorImpl.invoke(NativeMethodAccessorImpl.java:39)
	at sun.reflect.DelegatingMethodAccessorImpl.invoke(DelegatingMethodAccessorImpl.java:25)
	at java.lang.reflect.Method.invoke(Method.java:597)
	at org.apache.maven.surefire.util.ReflectionUtils.invokeMethodWithArray(ReflectionUtils.java:164)
	at org.apache.maven.surefire.booter.ProviderFactory$ProviderProxy.invoke(ProviderFactory.java:110)
	at org.apache.maven.surefire.booter.SurefireStarter.invokeProvider(SurefireStarter.java:175)
	at org.apache.maven.surefire.booter.SurefireStarter.runSuitesInProcessWhenForked(SurefireStarter.java:107)
	at org.apache.maven.surefire.booter.ForkedBooter.main(ForkedBooter.java:68)
Caused by: javax.naming.AuthenticationException: DON'T FREAK OUT
	at juzu.impl.inject.spi.constructorthrowschecked.Bean.<init>(Bean.java:27)
	at sun.reflect.NativeConstructorAccessorImpl.newInstance0(Native Method)
	at sun.reflect.NativeConstructorAccessorImpl.newInstance(NativeConstructorAccessorImpl.java:39)
	at sun.reflect.DelegatingConstructorAccessorImpl.newInstance(DelegatingConstructorAccessorImpl.java:27)
	at java.lang.reflect.Constructor.newInstance(Constructor.java:513)
	at org.jboss.weld.introspector.jlr.WeldConstructorImpl.newInstance(WeldConstructorImpl.java:206)
	at org.jboss.weld.injection.ConstructorInjectionPoint.newInstance(ConstructorInjectionPoint.java:117)
	... 49 more
Aug 29, 2012 12:06:53 PM org.springframework.beans.factory.annotation.AutowiredAnnotationBeanPostProcessor <init>
INFO: JSR-330 'javax.inject.Inject' annotation found and supported for autowiring
Tests run: 3, Failures: 0, Errors: 0, Skipped: 0, Time elapsed: 0.021 sec
Running juzu.impl.inject.spi.constructorthrowserror.ConstructorThrowsErrorTestCase
25036 [main] INFO org.jboss.weld.Bootstrap - WELD-000101 Transactional services not available. Injection of @Inject UserTransaction not available. Transactional observers will be invoked synchronously.
javax.enterprise.inject.CreationException
	at sun.reflect.NativeConstructorAccessorImpl.newInstance0(Native Method)
	at sun.reflect.NativeConstructorAccessorImpl.newInstance(NativeConstructorAccessorImpl.java:39)
	at sun.reflect.DelegatingConstructorAccessorImpl.newInstance(DelegatingConstructorAccessorImpl.java:27)
	at java.lang.reflect.Constructor.newInstance(Constructor.java:513)
	at java.lang.Class.newInstance0(Class.java:355)
	at java.lang.Class.newInstance(Class.java:308)
	at org.jboss.weld.util.reflection.SecureReflections$16.work(SecureReflections.java:344)
	at org.jboss.weld.util.reflection.SecureReflectionAccess.run(SecureReflectionAccess.java:52)
	at org.jboss.weld.util.reflection.SecureReflectionAccess.runAsInstantiation(SecureReflectionAccess.java:173)
	at org.jboss.weld.util.reflection.SecureReflections.newInstance(SecureReflections.java:341)
	at org.jboss.weld.injection.Exceptions.rethrowException(Exceptions.java:33)
	at org.jboss.weld.injection.Exceptions.rethrowException(Exceptions.java:45)
	at org.jboss.weld.injection.Exceptions.rethrowException(Exceptions.java:85)
	at org.jboss.weld.injection.ConstructorInjectionPoint.newInstance(ConstructorInjectionPoint.java:125)
	at org.jboss.weld.manager.SimpleInjectionTarget.produce(SimpleInjectionTarget.java:98)
	at juzu.impl.inject.spi.cdi.DeclaredBean.create(DeclaredBean.java:56)
	at org.jboss.weld.context.unbound.DependentContextImpl.get(DependentContextImpl.java:68)
	at org.jboss.weld.manager.BeanManagerImpl.getReference(BeanManagerImpl.java:637)
	at org.jboss.weld.manager.BeanManagerImpl.getReference(BeanManagerImpl.java:664)
	at juzu.impl.inject.spi.cdi.CDIContext.get(CDIContext.java:140)
	at juzu.impl.inject.spi.cdi.CDIContext.get(CDIContext.java:38)
	at juzu.impl.inject.spi.AbstractInjectManagerTestCase.getBean(AbstractInjectManagerTestCase.java:86)
	at juzu.impl.inject.spi.constructorthrowserror.ConstructorThrowsErrorTestCase.test(ConstructorThrowsErrorTestCase.java:43)
	at sun.reflect.NativeMethodAccessorImpl.invoke0(Native Method)
	at sun.reflect.NativeMethodAccessorImpl.invoke(NativeMethodAccessorImpl.java:39)
	at sun.reflect.DelegatingMethodAccessorImpl.invoke(DelegatingMethodAccessorImpl.java:25)
	at java.lang.reflect.Method.invoke(Method.java:597)
	at org.junit.runners.model.FrameworkMethod$1.runReflectiveCall(FrameworkMethod.java:44)
	at org.junit.internal.runners.model.ReflectiveCallable.run(ReflectiveCallable.java:15)
	at org.junit.runners.model.FrameworkMethod.invokeExplosively(FrameworkMethod.java:41)
	at org.junit.internal.runners.statements.InvokeMethod.evaluate(InvokeMethod.java:20)
	at org.junit.internal.runners.statements.RunBefores.evaluate(RunBefores.java:28)
	at org.junit.internal.runners.statements.RunAfters.evaluate(RunAfters.java:31)
	at org.junit.rules.TestWatchman$1.evaluate(TestWatchman.java:48)
	at org.junit.runners.BlockJUnit4ClassRunner.runNotIgnored(BlockJUnit4ClassRunner.java:79)
	at org.junit.runners.BlockJUnit4ClassRunner.runChild(BlockJUnit4ClassRunner.java:71)
	at org.junit.runners.BlockJUnit4ClassRunner.runChild(BlockJUnit4ClassRunner.java:49)
	at org.junit.runners.ParentRunner$3.run(ParentRunner.java:193)
	at org.junit.runners.ParentRunner$1.schedule(ParentRunner.java:52)
	at org.junit.runners.ParentRunner.runChildren(ParentRunner.java:191)
	at org.junit.runners.ParentRunner.access$000(ParentRunner.java:42)
	at org.junit.runners.ParentRunner$2.evaluate(ParentRunner.java:184)
	at org.junit.runners.ParentRunner.run(ParentRunner.java:236)
	at org.junit.runners.Suite.runChild(Suite.java:128)
	at org.junit.runners.Suite.runChild(Suite.java:24)
	at org.junit.runners.ParentRunner$3.run(ParentRunner.java:193)
	at org.junit.runners.ParentRunner$1.schedule(ParentRunner.java:52)
	at org.junit.runners.ParentRunner.runChildren(ParentRunner.java:191)
	at org.junit.runners.ParentRunner.access$000(ParentRunner.java:42)
	at org.junit.runners.ParentRunner$2.evaluate(ParentRunner.java:184)
	at org.junit.runners.ParentRunner.run(ParentRunner.java:236)
	at org.apache.maven.surefire.junit4.JUnit4TestSet.execute(JUnit4TestSet.java:53)
	at org.apache.maven.surefire.junit4.JUnit4Provider.executeTestSet(JUnit4Provider.java:123)
	at org.apache.maven.surefire.junit4.JUnit4Provider.invoke(JUnit4Provider.java:104)
	at sun.reflect.NativeMethodAccessorImpl.invoke0(Native Method)
	at sun.reflect.NativeMethodAccessorImpl.invoke(NativeMethodAccessorImpl.java:39)
	at sun.reflect.DelegatingMethodAccessorImpl.invoke(DelegatingMethodAccessorImpl.java:25)
	at java.lang.reflect.Method.invoke(Method.java:597)
	at org.apache.maven.surefire.util.ReflectionUtils.invokeMethodWithArray(ReflectionUtils.java:164)
	at org.apache.maven.surefire.booter.ProviderFactory$ProviderProxy.invoke(ProviderFactory.java:110)
	at org.apache.maven.surefire.booter.SurefireStarter.invokeProvider(SurefireStarter.java:175)
	at org.apache.maven.surefire.booter.SurefireStarter.runSuitesInProcessWhenForked(SurefireStarter.java:107)
	at org.apache.maven.surefire.booter.ForkedBooter.main(ForkedBooter.java:68)
Caused by: java.lang.UnknownError: DON'T FREAK OUT
	at juzu.impl.inject.spi.constructorthrowserror.Bean.<init>(Bean.java:25)
	at sun.reflect.NativeConstructorAccessorImpl.newInstance0(Native Method)
	at sun.reflect.NativeConstructorAccessorImpl.newInstance(NativeConstructorAccessorImpl.java:39)
	at sun.reflect.DelegatingConstructorAccessorImpl.newInstance(DelegatingConstructorAccessorImpl.java:27)
	at java.lang.reflect.Constructor.newInstance(Constructor.java:513)
	at org.jboss.weld.introspector.jlr.WeldConstructorImpl.newInstance(WeldConstructorImpl.java:206)
	at org.jboss.weld.injection.ConstructorInjectionPoint.newInstance(ConstructorInjectionPoint.java:117)
	... 49 more
Aug 29, 2012 12:06:53 PM org.springframework.beans.factory.annotation.AutowiredAnnotationBeanPostProcessor <init>
INFO: JSR-330 'javax.inject.Inject' annotation found and supported for autowiring
Tests run: 3, Failures: 0, Errors: 0, Skipped: 0, Time elapsed: 0.022 sec
Running juzu.impl.inject.spi.constructorthrowsruntime.ConstructorThrowsRuntimeTestCase
25059 [main] INFO org.jboss.weld.Bootstrap - WELD-000101 Transactional services not available. Injection of @Inject UserTransaction not available. Transactional observers will be invoked synchronously.
Aug 29, 2012 12:06:53 PM org.springframework.beans.factory.annotation.AutowiredAnnotationBeanPostProcessor <init>
INFO: JSR-330 'javax.inject.Inject' annotation found and supported for autowiring
Tests run: 3, Failures: 0, Errors: 0, Skipped: 0, Time elapsed: 0.015 sec
Running juzu.impl.inject.spi.declared.bean.qualifier.declared.DeclaredQualifierDeclaredBeanTestCase
25075 [main] INFO org.jboss.weld.Bootstrap - WELD-000101 Transactional services not available. Injection of @Inject UserTransaction not available. Transactional observers will be invoked synchronously.
Aug 29, 2012 12:06:54 PM org.springframework.beans.factory.annotation.AutowiredAnnotationBeanPostProcessor <init>
INFO: JSR-330 'javax.inject.Inject' annotation found and supported for autowiring
Tests run: 3, Failures: 0, Errors: 0, Skipped: 0, Time elapsed: 0.032 sec
Running juzu.impl.inject.spi.declared.bean.scope.declared.DeclaredScopeDeclaredBeanTestCase
25107 [main] INFO org.jboss.weld.Bootstrap - WELD-000101 Transactional services not available. Injection of @Inject UserTransaction not available. Transactional observers will be invoked synchronously.
Aug 29, 2012 12:06:54 PM org.springframework.beans.factory.annotation.AutowiredAnnotationBeanPostProcessor <init>
INFO: JSR-330 'javax.inject.Inject' annotation found and supported for autowiring
Tests run: 3, Failures: 0, Errors: 0, Skipped: 0, Time elapsed: 0.021 sec
Running juzu.impl.inject.spi.declared.producer.injection.DeclaredProducerInjectionTestCase
25130 [main] INFO org.jboss.weld.Bootstrap - WELD-000101 Transactional services not available. Injection of @Inject UserTransaction not available. Transactional observers will be invoked synchronously.
Aug 29, 2012 12:06:54 PM org.springframework.beans.factory.annotation.AutowiredAnnotationBeanPostProcessor <init>
INFO: JSR-330 'javax.inject.Inject' annotation found and supported for autowiring
Tests run: 3, Failures: 0, Errors: 0, Skipped: 0, Time elapsed: 0.028 sec
Running juzu.impl.inject.spi.declared.provider.injected.ProviderInjectedTestCase
25159 [main] INFO org.jboss.weld.Bootstrap - WELD-000101 Transactional services not available. Injection of @Inject UserTransaction not available. Transactional observers will be invoked synchronously.
FOO
Aug 29, 2012 12:06:54 PM org.springframework.beans.factory.annotation.AutowiredAnnotationBeanPostProcessor <init>
INFO: JSR-330 'javax.inject.Inject' annotation found and supported for autowiring
FOO
FOO
Tests run: 3, Failures: 0, Errors: 0, Skipped: 0, Time elapsed: 0.034 sec
Running juzu.impl.inject.spi.declared.provider.injection.DeclaredProviderInjectionTestCase
25195 [main] INFO org.jboss.weld.Bootstrap - WELD-000101 Transactional services not available. Injection of @Inject UserTransaction not available. Transactional observers will be invoked synchronously.
25206 [main] INFO org.jboss.weld.Bootstrap - WELD-000101 Transactional services not available. Injection of @Inject UserTransaction not available. Transactional observers will be invoked synchronously.
Aug 29, 2012 12:06:54 PM org.springframework.beans.factory.annotation.AutowiredAnnotationBeanPostProcessor <init>
INFO: JSR-330 'javax.inject.Inject' annotation found and supported for autowiring
Aug 29, 2012 12:06:54 PM org.springframework.beans.factory.annotation.AutowiredAnnotationBeanPostProcessor <init>
INFO: JSR-330 'javax.inject.Inject' annotation found and supported for autowiring
Tests run: 6, Failures: 0, Errors: 0, Skipped: 0, Time elapsed: 0.04 sec
Running juzu.impl.inject.spi.declared.provider.qualifier.declared.DeclaredQualifierDeclaredProviderTestCase
25236 [main] INFO org.jboss.weld.Bootstrap - WELD-000101 Transactional services not available. Injection of @Inject UserTransaction not available. Transactional observers will be invoked synchronously.
Aug 29, 2012 12:06:54 PM org.springframework.beans.factory.annotation.AutowiredAnnotationBeanPostProcessor <init>
INFO: JSR-330 'javax.inject.Inject' annotation found and supported for autowiring
Tests run: 3, Failures: 0, Errors: 0, Skipped: 0, Time elapsed: 0.05 sec
Running juzu.impl.inject.spi.declared.provider.scope.declared.DeclaredScopeDeclaredProviderTestCase
25286 [main] INFO org.jboss.weld.Bootstrap - WELD-000101 Transactional services not available. Injection of @Inject UserTransaction not available. Transactional observers will be invoked synchronously.
Aug 29, 2012 12:06:54 PM org.springframework.beans.factory.annotation.AutowiredAnnotationBeanPostProcessor <init>
INFO: JSR-330 'javax.inject.Inject' annotation found and supported for autowiring
Tests run: 3, Failures: 0, Errors: 0, Skipped: 0, Time elapsed: 0.026 sec
Running juzu.impl.inject.spi.implementationtype.ImplementationTypeTestCase
25312 [main] INFO org.jboss.weld.Bootstrap - WELD-000101 Transactional services not available. Injection of @Inject UserTransaction not available. Transactional observers will be invoked synchronously.
Aug 29, 2012 12:06:54 PM org.springframework.beans.factory.annotation.AutowiredAnnotationBeanPostProcessor <init>
INFO: JSR-330 'javax.inject.Inject' annotation found and supported for autowiring
Tests run: 3, Failures: 0, Errors: 0, Skipped: 0, Time elapsed: 0.017 sec
Running juzu.impl.inject.spi.lifecycle.scoped.LifeCycleScopedTestCase
25331 [main] INFO org.jboss.weld.Bootstrap - WELD-000101 Transactional services not available. Injection of @Inject UserTransaction not available. Transactional observers will be invoked synchronously.
Aug 29, 2012 12:06:54 PM org.springframework.beans.factory.annotation.AutowiredAnnotationBeanPostProcessor <init>
INFO: JSR-330 'javax.inject.Inject' annotation found and supported for autowiring
Tests run: 3, Failures: 0, Errors: 0, Skipped: 0, Time elapsed: 0.018 sec
Running juzu.impl.inject.spi.lifecycle.singleton.LifeCycleSingletonTestCase
25349 [main] INFO org.jboss.weld.Bootstrap - WELD-000101 Transactional services not available. Injection of @Inject UserTransaction not available. Transactional observers will be invoked synchronously.
Aug 29, 2012 12:06:54 PM org.springframework.beans.factory.annotation.AutowiredAnnotationBeanPostProcessor <init>
INFO: JSR-330 'javax.inject.Inject' annotation found and supported for autowiring
Aug 29, 2012 12:06:54 PM org.springframework.beans.factory.support.DefaultSingletonBeanRegistry destroySingletons
INFO: Destroying singletons in org.springframework.beans.factory.support.DefaultListableBeanFactory@151490a3: defining beans [0.4877710886463241]; root of factory hierarchy
Tests run: 3, Failures: 0, Errors: 0, Skipped: 0, Time elapsed: 0.02 sec
Running juzu.impl.inject.spi.lifecycle.unscoped.LifeCycleUnscopedTestCase
25370 [main] INFO org.jboss.weld.Bootstrap - WELD-000101 Transactional services not available. Injection of @Inject UserTransaction not available. Transactional observers will be invoked synchronously.
Aug 29, 2012 12:06:54 PM org.springframework.beans.factory.annotation.AutowiredAnnotationBeanPostProcessor <init>
INFO: JSR-330 'javax.inject.Inject' annotation found and supported for autowiring
Tests run: 3, Failures: 0, Errors: 0, Skipped: 0, Time elapsed: 0.018 sec
Running juzu.impl.inject.spi.managerinjection.InjectManagerTestCase
25389 [main] INFO org.jboss.weld.Bootstrap - WELD-000101 Transactional services not available. Injection of @Inject UserTransaction not available. Transactional observers will be invoked synchronously.
Aug 29, 2012 12:06:54 PM org.springframework.beans.factory.annotation.AutowiredAnnotationBeanPostProcessor <init>
INFO: JSR-330 'javax.inject.Inject' annotation found and supported for autowiring
Tests run: 3, Failures: 0, Errors: 0, Skipped: 0, Time elapsed: 0.018 sec
Running juzu.impl.inject.spi.named.NamedTestCase
25411 [main] INFO org.jboss.weld.Bootstrap - WELD-000101 Transactional services not available. Injection of @Inject UserTransaction not available. Transactional observers will be invoked synchronously.
Aug 29, 2012 12:06:54 PM org.springframework.beans.factory.annotation.AutowiredAnnotationBeanPostProcessor <init>
INFO: JSR-330 'javax.inject.Inject' annotation found and supported for autowiring
Tests run: 3, Failures: 0, Errors: 0, Skipped: 0, Time elapsed: 0.037 sec
Running juzu.impl.inject.spi.qualifier.QualifierTestCase
25448 [main] INFO org.jboss.weld.Bootstrap - WELD-000101 Transactional services not available. Injection of @Inject UserTransaction not available. Transactional observers will be invoked synchronously.
Aug 29, 2012 12:06:54 PM org.springframework.beans.factory.annotation.AutowiredAnnotationBeanPostProcessor <init>
INFO: JSR-330 'javax.inject.Inject' annotation found and supported for autowiring
Tests run: 3, Failures: 0, Errors: 0, Skipped: 0, Time elapsed: 0.034 sec
Running juzu.impl.inject.spi.requestscopedprovider.RequestScopedProviderTestCase
25484 [main] INFO org.jboss.weld.Bootstrap - WELD-000101 Transactional services not available. Injection of @Inject UserTransaction not available. Transactional observers will be invoked synchronously.
Aug 29, 2012 12:06:54 PM org.springframework.beans.factory.annotation.AutowiredAnnotationBeanPostProcessor <init>
INFO: JSR-330 'javax.inject.Inject' annotation found and supported for autowiring
Tests run: 3, Failures: 0, Errors: 0, Skipped: 0, Time elapsed: 0.023 sec
Running juzu.impl.inject.spi.resolvebeans.ResolvableBeansTestCase
25508 [main] INFO org.jboss.weld.Bootstrap - WELD-000101 Transactional services not available. Injection of @Inject UserTransaction not available. Transactional observers will be invoked synchronously.
Aug 29, 2012 12:06:54 PM org.springframework.beans.factory.annotation.AutowiredAnnotationBeanPostProcessor <init>
INFO: JSR-330 'javax.inject.Inject' annotation found and supported for autowiring
Tests run: 3, Failures: 0, Errors: 0, Skipped: 0, Time elapsed: 0.024 sec
Running juzu.impl.inject.spi.scope.defaultscope.DefaultScopeTestCase
25532 [main] INFO org.jboss.weld.Bootstrap - WELD-000101 Transactional services not available. Injection of @Inject UserTransaction not available. Transactional observers will be invoked synchronously.
Aug 29, 2012 12:06:54 PM org.springframework.beans.factory.annotation.AutowiredAnnotationBeanPostProcessor <init>
INFO: JSR-330 'javax.inject.Inject' annotation found and supported for autowiring
Tests run: 3, Failures: 0, Errors: 0, Skipped: 0, Time elapsed: 0.015 sec
Running juzu.impl.inject.spi.scope.scoped.ScopeScopedTestCase
25548 [main] INFO org.jboss.weld.Bootstrap - WELD-000101 Transactional services not available. Injection of @Inject UserTransaction not available. Transactional observers will be invoked synchronously.
25558 [main] WARN org.jboss.weld.Bootstrap - WELD-001440 Scope type @juzu.RequestScoped() used on injection point [field] @Inject @RequestScoped public juzu.impl.inject.spi.scope.scoped.Injected.scoped
Aug 29, 2012 12:06:54 PM org.springframework.beans.factory.annotation.AutowiredAnnotationBeanPostProcessor <init>
INFO: JSR-330 'javax.inject.Inject' annotation found and supported for autowiring
Tests run: 3, Failures: 0, Errors: 0, Skipped: 0, Time elapsed: 0.022 sec
Running juzu.impl.inject.spi.scope.singleton.ScopeSingletonTestCase
25571 [main] INFO org.jboss.weld.Bootstrap - WELD-000101 Transactional services not available. Injection of @Inject UserTransaction not available. Transactional observers will be invoked synchronously.
Aug 29, 2012 12:06:54 PM org.springframework.beans.factory.annotation.AutowiredAnnotationBeanPostProcessor <init>
INFO: JSR-330 'javax.inject.Inject' annotation found and supported for autowiring
Tests run: 3, Failures: 0, Errors: 0, Skipped: 0, Time elapsed: 0.016 sec
Running juzu.impl.inject.spi.siblingproducers.SiblingProducersTestCase
25591 [main] INFO org.jboss.weld.Bootstrap - WELD-000101 Transactional services not available. Injection of @Inject UserTransaction not available. Transactional observers will be invoked synchronously.
Aug 29, 2012 12:06:54 PM org.springframework.beans.factory.annotation.AutowiredAnnotationBeanPostProcessor <init>
INFO: JSR-330 'javax.inject.Inject' annotation found and supported for autowiring
Tests run: 3, Failures: 0, Errors: 0, Skipped: 0, Time elapsed: 0.044 sec
Running juzu.impl.inject.spi.supertype.SuperTypeTestCase
25634 [main] INFO org.jboss.weld.Bootstrap - WELD-000101 Transactional services not available. Injection of @Inject UserTransaction not available. Transactional observers will be invoked synchronously.
Aug 29, 2012 12:06:54 PM org.springframework.beans.factory.annotation.AutowiredAnnotationBeanPostProcessor <init>
INFO: JSR-330 'javax.inject.Inject' annotation found and supported for autowiring
Tests run: 3, Failures: 0, Errors: 0, Skipped: 0, Time elapsed: 0.032 sec
Running juzu.impl.metamodel.ApplicationTestCase
Compiling [metamodel/application/package-info.java]
Compiling [metamodel/application/package-info.java]
Compiling [metamodel/application/package-info.java]
Compiling []
Compiling [metamodel/application/package-info.java]
Compiling [metamodel/application/package-info.java]
Tests run: 4, Failures: 0, Errors: 0, Skipped: 0, Time elapsed: 0.54 sec
Running juzu.impl.metamodel.ControllerTestCase
Compiling [metamodel/controller/package-info.java, metamodel/controller/A.java]
Compiling [metamodel/controller/A.java]
Compiling [metamodel/controller/package-info.java, metamodel/controller/A.java]
Compiling [metamodel/controller/package-info.java, metamodel/controller/A.java]
Compiling []
Compiling [metamodel/controller/package-info.java, metamodel/controller/A.java]
Compiling []
Compiling [metamodel/controller/package-info.java, metamodel/controller/A.java]
Compiling [metamodel/controller/A.java]
Compiling [metamodel/controller/package-info.java, metamodel/controller/A.java]
Compiling [metamodel/controller/A.java]
Compiling [metamodel/controller/package-info.java, metamodel/controller/A.java]
Compiling [metamodel/controller/A.java]
Compiling [metamodel/controller/package-info.java, metamodel/controller/A.java]
Compiling [metamodel/controller/A.java]
Compiling [metamodel/controller/package-info.java, metamodel/controller/A.java]
Compiling [metamodel/controller/A.java]
Compiling [metamodel/controller/package-info.java, metamodel/controller/A.java]
Compiling [metamodel/controller/sub/A.java]
Tests run: 10, Failures: 0, Errors: 0, Skipped: 0, Time elapsed: 1.258 sec
Running juzu.impl.metamodel.ParamTestCase
Compiling [metamodel/param/A.java, metamodel/param/Bean.java, metamodel/param/package-info.java]
Compiling [metamodel/param/A.java, metamodel/param/Bean.java, metamodel/param/package-info.java]
Compiling [metamodel/param/Bean.java]
Compiling [metamodel/param/Bean.java]
Tests run: 2, Failures: 0, Errors: 0, Skipped: 0, Time elapsed: 0.19 sec
Running juzu.impl.metamodel.PathTestCase
Compiling [metamodel/path/A.java, metamodel/path/package-info.java]
Compiling [metamodel/path/A.java]
Compiling [metamodel/path/A.java, metamodel/path/package-info.java]
Compiling [metamodel/path/A.java, metamodel/path/package-info.java]
Compiling [metamodel/path/A.java]
Compiling [metamodel/path/A.java, metamodel/path/package-info.java]
Compiling []
Compiling [metamodel/path/A.java, metamodel/path/package-info.java]
Compiling [metamodel/package-info.java]
Tests run: 5, Failures: 0, Errors: 0, Skipped: 0, Time elapsed: 0.562 sec
Running juzu.impl.metamodel.RouterTestCase
Tests run: 1, Failures: 0, Errors: 0, Skipped: 0, Time elapsed: 0.086 sec
Running juzu.impl.metamodel.TemplateTestCase
Tests run: 3, Failures: 0, Errors: 0, Skipped: 0, Time elapsed: 0.179 sec
Running juzu.impl.plugin.ajax.AjaxTestCase
Aug 29, 2012 12:06:57 PM org.jboss.shrinkwrap.jetty_7.api.ShrinkWrapWebAppContext <init>
INFO: Webapp archive location: file:/var/folders/wx/dmqlzsr96ds532ms_yj3qdkw0000gn/T/export1708240282352601538juzu.war
28527 [main] INFO org.eclipse.jetty.util.log - Extract jar:file:/private/var/folders/wx/dmqlzsr96ds532ms_yj3qdkw0000gn/T/export1708240282352601538juzu.war!/ to /private/var/folders/wx/dmqlzsr96ds532ms_yj3qdkw0000gn/T/Jetty_localhost_9090_export1708240282352601538juzu.war__juzu__.eup5ue/webapp
28544 [main] INFO org.eclipse.jetty.util.log - No Transaction manager found - if your webapp requires one, please configure one.
28550 [main] INFO org.eclipse.jetty.util.log - WebApp@1083001684 at http://localhost:9090/juzu
[] Starting Application
28708 [qtp22262475-16] INFO org.jboss.weld.Bootstrap - WELD-000101 Transactional services not available. Injection of @Inject UserTransaction not available. Transactional observers will be invoked synchronously.
Aug 29, 2012 12:06:57 PM com.gargoylesoftware.htmlunit.IncorrectnessListenerImpl notify
WARNING: Obsolete content type encountered: 'application/x-javascript'.
Aug 29, 2012 12:06:58 PM com.gargoylesoftware.htmlunit.IncorrectnessListenerImpl notify
WARNING: Obsolete content type encountered: 'text/javascript'.
page.asText() = click
OK MEN 2
click
Tests run: 1, Failures: 0, Errors: 0, Skipped: 0, Time elapsed: 0.799 sec
Running juzu.impl.plugin.application.ApplicationTestCase
Tests run: 2, Failures: 0, Errors: 0, Skipped: 0, Time elapsed: 0.142 sec
Running juzu.impl.plugin.asset.AbsoluteClassPathLocationTestCase
Aug 29, 2012 12:06:58 PM org.jboss.shrinkwrap.jetty_7.api.ShrinkWrapWebAppContext <init>
INFO: Webapp archive location: file:/var/folders/wx/dmqlzsr96ds532ms_yj3qdkw0000gn/T/export6817985955461775559juzu.war
29462 [main] INFO org.eclipse.jetty.util.log - Extract jar:file:/private/var/folders/wx/dmqlzsr96ds532ms_yj3qdkw0000gn/T/export6817985955461775559juzu.war!/ to /private/var/folders/wx/dmqlzsr96ds532ms_yj3qdkw0000gn/T/Jetty_localhost_9090_export6817985955461775559juzu.war__juzu__hevytl/webapp
29481 [main] INFO org.eclipse.jetty.util.log - No Transaction manager found - if your webapp requires one, please configure one.
29486 [main] INFO org.eclipse.jetty.util.log - WebApp@1083001684 at http://localhost:9090/juzu
[] Starting Application
29574 [qtp22262475-12] INFO org.jboss.weld.Bootstrap - WELD-000101 Transactional services not available. Injection of @Inject UserTransaction not available. Transactional observers will be invoked synchronously.
Aug 29, 2012 12:06:58 PM com.gargoylesoftware.htmlunit.IncorrectnessListenerImpl notify
WARNING: Obsolete content type encountered: 'text/javascript'.
Tests run: 1, Failures: 0, Errors: 0, Skipped: 0, Time elapsed: 0.258 sec
Running juzu.impl.plugin.asset.AbsoluteServerLocationTestCase
Aug 29, 2012 12:06:58 PM org.jboss.shrinkwrap.jetty_7.api.ShrinkWrapWebAppContext <init>
INFO: Webapp archive location: file:/var/folders/wx/dmqlzsr96ds532ms_yj3qdkw0000gn/T/export5445298663563868800juzu.war
29725 [main] INFO org.eclipse.jetty.util.log - Extract jar:file:/private/var/folders/wx/dmqlzsr96ds532ms_yj3qdkw0000gn/T/export5445298663563868800juzu.war!/ to /private/var/folders/wx/dmqlzsr96ds532ms_yj3qdkw0000gn/T/Jetty_localhost_9090_export5445298663563868800juzu.war__juzu__944kyr/webapp
29744 [main] INFO org.eclipse.jetty.util.log - No Transaction manager found - if your webapp requires one, please configure one.
29750 [main] INFO org.eclipse.jetty.util.log - WebApp@1083001684 at http://localhost:9090/juzu
[] Starting Application
29855 [qtp22262475-16] INFO org.jboss.weld.Bootstrap - WELD-000101 Transactional services not available. Injection of @Inject UserTransaction not available. Transactional observers will be invoked synchronously.
Aug 29, 2012 12:06:58 PM com.gargoylesoftware.htmlunit.IncorrectnessListenerImpl notify
WARNING: Obsolete content type encountered: 'application/x-javascript'.
Aug 29, 2012 12:06:59 PM com.gargoylesoftware.htmlunit.DefaultCssErrorHandler error
WARNING: CSS error: [1:1] Error in style sheet. Invalid token "<". Was expecting one of: <EOF>, <S>, ".", ":", "*", "[", <HASH>, "<!--", "-->", "@import", "@page", "@media", "@charset ", <IDENT>.
Tests run: 1, Failures: 0, Errors: 0, Skipped: 0, Time elapsed: 0.792 sec
Running juzu.impl.plugin.asset.ImplicitTestCase
Aug 29, 2012 12:06:59 PM org.jboss.shrinkwrap.jetty_7.api.ShrinkWrapWebAppContext <init>
INFO: Webapp archive location: file:/var/folders/wx/dmqlzsr96ds532ms_yj3qdkw0000gn/T/export8931019120328406239juzu.war
30520 [main] INFO org.eclipse.jetty.util.log - Extract jar:file:/private/var/folders/wx/dmqlzsr96ds532ms_yj3qdkw0000gn/T/export8931019120328406239juzu.war!/ to /private/var/folders/wx/dmqlzsr96ds532ms_yj3qdkw0000gn/T/Jetty_localhost_9090_export8931019120328406239juzu.war__juzu__.59br9s/webapp
30542 [main] INFO org.eclipse.jetty.util.log - No Transaction manager found - if your webapp requires one, please configure one.
30549 [main] INFO org.eclipse.jetty.util.log - WebApp@1083001684 at http://localhost:9090/juzu
[] Starting Application
30644 [qtp22262475-16] INFO org.jboss.weld.Bootstrap - WELD-000101 Transactional services not available. Injection of @Inject UserTransaction not available. Transactional observers will be invoked synchronously.
Aug 29, 2012 12:06:59 PM com.gargoylesoftware.htmlunit.IncorrectnessListenerImpl notify
WARNING: Obsolete content type encountered: 'application/x-javascript'.
Tests run: 1, Failures: 0, Errors: 0, Skipped: 0, Time elapsed: 0.257 sec
Running juzu.impl.plugin.asset.RelativeClassPathLocationTestCase
Aug 29, 2012 12:06:59 PM org.jboss.shrinkwrap.jetty_7.api.ShrinkWrapWebAppContext <init>
INFO: Webapp archive location: file:/var/folders/wx/dmqlzsr96ds532ms_yj3qdkw0000gn/T/export6692991424838179881juzu.war
30775 [main] INFO org.eclipse.jetty.util.log - Extract jar:file:/private/var/folders/wx/dmqlzsr96ds532ms_yj3qdkw0000gn/T/export6692991424838179881juzu.war!/ to /private/var/folders/wx/dmqlzsr96ds532ms_yj3qdkw0000gn/T/Jetty_localhost_9090_export6692991424838179881juzu.war__juzu__.k8d1bg/webapp
30796 [main] INFO org.eclipse.jetty.util.log - No Transaction manager found - if your webapp requires one, please configure one.
30801 [main] INFO org.eclipse.jetty.util.log - WebApp@1083001684 at http://localhost:9090/juzu
[] Starting Application
30889 [qtp22262475-14] INFO org.jboss.weld.Bootstrap - WELD-000101 Transactional services not available. Injection of @Inject UserTransaction not available. Transactional observers will be invoked synchronously.
Aug 29, 2012 12:06:59 PM com.gargoylesoftware.htmlunit.IncorrectnessListenerImpl notify
WARNING: Obsolete content type encountered: 'text/javascript'.
Tests run: 1, Failures: 0, Errors: 0, Skipped: 0, Time elapsed: 0.247 sec
Running juzu.impl.plugin.asset.RelativeServerLocationTestCase
Aug 29, 2012 12:06:59 PM org.jboss.shrinkwrap.jetty_7.api.ShrinkWrapWebAppContext <init>
INFO: Webapp archive location: file:/var/folders/wx/dmqlzsr96ds532ms_yj3qdkw0000gn/T/export8807673957871371642juzu.war
31025 [main] INFO org.eclipse.jetty.util.log - Extract jar:file:/private/var/folders/wx/dmqlzsr96ds532ms_yj3qdkw0000gn/T/export8807673957871371642juzu.war!/ to /private/var/folders/wx/dmqlzsr96ds532ms_yj3qdkw0000gn/T/Jetty_localhost_9090_export8807673957871371642juzu.war__juzu__jibnrc/webapp
31045 [main] INFO org.eclipse.jetty.util.log - No Transaction manager found - if your webapp requires one, please configure one.
31050 [main] INFO org.eclipse.jetty.util.log - WebApp@1083001684 at http://localhost:9090/juzu
[] Starting Application
31147 [qtp22262475-13] INFO org.jboss.weld.Bootstrap - WELD-000101 Transactional services not available. Injection of @Inject UserTransaction not available. Transactional observers will be invoked synchronously.
Aug 29, 2012 12:07:00 PM com.gargoylesoftware.htmlunit.IncorrectnessListenerImpl notify
WARNING: Obsolete content type encountered: 'application/x-javascript'.
Tests run: 1, Failures: 0, Errors: 0, Skipped: 0, Time elapsed: 0.558 sec
Running juzu.impl.plugin.asset.UnsatisfiedTestCase
Aug 29, 2012 12:07:00 PM org.jboss.shrinkwrap.jetty_7.api.ShrinkWrapWebAppContext <init>
INFO: Webapp archive location: file:/var/folders/wx/dmqlzsr96ds532ms_yj3qdkw0000gn/T/export6962002540772535049juzu.war
31581 [main] INFO org.eclipse.jetty.util.log - Extract jar:file:/private/var/folders/wx/dmqlzsr96ds532ms_yj3qdkw0000gn/T/export6962002540772535049juzu.war!/ to /private/var/folders/wx/dmqlzsr96ds532ms_yj3qdkw0000gn/T/Jetty_localhost_9090_export6962002540772535049juzu.war__juzu__ipfyxr/webapp
31600 [main] INFO org.eclipse.jetty.util.log - No Transaction manager found - if your webapp requires one, please configure one.
31606 [main] INFO org.eclipse.jetty.util.log - WebApp@1083001684 at http://localhost:9090/juzu
[] Starting Application
31909 [qtp22262475-15] INFO org.jboss.weld.Bootstrap - WELD-000101 Transactional services not available. Injection of @Inject UserTransaction not available. Transactional observers will be invoked synchronously.
Aug 29, 2012 12:07:00 PM com.gargoylesoftware.htmlunit.WebClient printContentIfNecessary
INFO: statusCode=[500] contentType=[text/html]
Aug 29, 2012 12:07:00 PM com.gargoylesoftware.htmlunit.WebClient printContentIfNecessary
INFO: <!DOCTYPE html>
<html>
<body>
Cannot satisfy asset dependencies:
jquery -> [foo]</body>
</html>

Tests run: 1, Failures: 0, Errors: 0, Skipped: 0, Time elapsed: 0.449 sec
Running juzu.impl.plugin.binding.BindingBeanTestCase
[] Starting Application
32100 [main] INFO org.jboss.weld.Bootstrap - WELD-000101 Transactional services not available. Injection of @Inject UserTransaction not available. Transactional observers will be invoked synchronously.
[] Starting Application
32357 [main] INFO org.jboss.weld.Bootstrap - WELD-000101 Transactional services not available. Injection of @Inject UserTransaction not available. Transactional observers will be invoked synchronously.
[] Starting Application
Aug 29, 2012 12:07:01 PM org.springframework.beans.factory.annotation.AutowiredAnnotationBeanPostProcessor <init>
INFO: JSR-330 'javax.inject.Inject' annotation found and supported for autowiring
[] Starting Application
Aug 29, 2012 12:07:01 PM org.springframework.beans.factory.annotation.AutowiredAnnotationBeanPostProcessor <init>
INFO: JSR-330 'javax.inject.Inject' annotation found and supported for autowiring
[] Starting Application
[] Starting Application
Tests run: 12, Failures: 0, Errors: 0, Skipped: 0, Time elapsed: 0.923 sec
Running juzu.impl.plugin.binding.BindingImplementationTestCase
[] Starting Application
33011 [main] INFO org.jboss.weld.Bootstrap - WELD-000101 Transactional services not available. Injection of @Inject UserTransaction not available. Transactional observers will be invoked synchronously.
[] Starting Application
Aug 29, 2012 12:07:02 PM org.springframework.beans.factory.annotation.AutowiredAnnotationBeanPostProcessor <init>
INFO: JSR-330 'javax.inject.Inject' annotation found and supported for autowiring
[] Starting Application
Tests run: 12, Failures: 0, Errors: 0, Skipped: 0, Time elapsed: 0.545 sec
Running juzu.impl.plugin.binding.BindingProviderFactoryTestCase
[] Starting Application
33575 [main] INFO org.jboss.weld.Bootstrap - WELD-000101 Transactional services not available. Injection of @Inject UserTransaction not available. Transactional observers will be invoked synchronously.
[] Starting Application
[] Starting Application
Aug 29, 2012 12:07:02 PM org.springframework.beans.factory.annotation.AutowiredAnnotationBeanPostProcessor <init>
INFO: JSR-330 'javax.inject.Inject' annotation found and supported for autowiring
[] Starting Application
[] Starting Application
[] Starting Application
Tests run: 21, Failures: 0, Errors: 0, Skipped: 0, Time elapsed: 1.049 sec
Running juzu.impl.plugin.binding.BindingProviderTestCase
[] Starting Application
34615 [main] INFO org.jboss.weld.Bootstrap - WELD-000101 Transactional services not available. Injection of @Inject UserTransaction not available. Transactional observers will be invoked synchronously.
[] Starting Application
34877 [main] INFO org.jboss.weld.Bootstrap - WELD-000101 Transactional services not available. Injection of @Inject UserTransaction not available. Transactional observers will be invoked synchronously.
[] Starting Application
Aug 29, 2012 12:07:03 PM org.springframework.beans.factory.annotation.AutowiredAnnotationBeanPostProcessor <init>
INFO: JSR-330 'javax.inject.Inject' annotation found and supported for autowiring
[] Starting Application
Aug 29, 2012 12:07:04 PM org.springframework.beans.factory.annotation.AutowiredAnnotationBeanPostProcessor <init>
INFO: JSR-330 'javax.inject.Inject' annotation found and supported for autowiring
[] Starting Application
[] Starting Application
Tests run: 15, Failures: 0, Errors: 0, Skipped: 0, Time elapsed: 0.946 sec
Running juzu.impl.plugin.controller.ActionMethodTestCase
Tests run: 2, Failures: 0, Errors: 0, Skipped: 0, Time elapsed: 0.12 sec
Running juzu.impl.plugin.controller.ActionTestCase
[] Starting Application
35674 [main] INFO org.jboss.weld.Bootstrap - WELD-000101 Transactional services not available. Injection of @Inject UserTransaction not available. Transactional observers will be invoked synchronously.
[] Starting Application
35813 [main] INFO org.jboss.weld.Bootstrap - WELD-000101 Transactional services not available. Injection of @Inject UserTransaction not available. Transactional observers will be invoked synchronously.
[] Starting Application
35988 [main] INFO org.jboss.weld.Bootstrap - WELD-000101 Transactional services not available. Injection of @Inject UserTransaction not available. Transactional observers will be invoked synchronously.
[] Starting Application
Aug 29, 2012 12:07:05 PM org.springframework.beans.factory.annotation.AutowiredAnnotationBeanPostProcessor <init>
INFO: JSR-330 'javax.inject.Inject' annotation found and supported for autowiring
[] Starting Application
Aug 29, 2012 12:07:05 PM org.springframework.beans.factory.annotation.AutowiredAnnotationBeanPostProcessor <init>
INFO: JSR-330 'javax.inject.Inject' annotation found and supported for autowiring
[] Starting Application
Aug 29, 2012 12:07:05 PM org.springframework.beans.factory.annotation.AutowiredAnnotationBeanPostProcessor <init>
INFO: JSR-330 'javax.inject.Inject' annotation found and supported for autowiring
[] Starting Application
[] Starting Application
[] Starting Application
Tests run: 9, Failures: 0, Errors: 0, Skipped: 0, Time elapsed: 0.859 sec
Running juzu.impl.plugin.controller.FilterTestCase
[] Starting Application
36513 [main] INFO org.jboss.weld.Bootstrap - WELD-000101 Transactional services not available. Injection of @Inject UserTransaction not available. Transactional observers will be invoked synchronously.
[] Starting Application
36670 [main] INFO org.jboss.weld.Bootstrap - WELD-000101 Transactional services not available. Injection of @Inject UserTransaction not available. Transactional observers will be invoked synchronously.
[] Starting Application
Aug 29, 2012 12:07:05 PM org.springframework.beans.factory.annotation.AutowiredAnnotationBeanPostProcessor <init>
INFO: JSR-330 'javax.inject.Inject' annotation found and supported for autowiring
[] Starting Application
Aug 29, 2012 12:07:05 PM org.springframework.beans.factory.annotation.AutowiredAnnotationBeanPostProcessor <init>
INFO: JSR-330 'javax.inject.Inject' annotation found and supported for autowiring
[] Starting Application
[] Starting Application
Tests run: 6, Failures: 0, Errors: 0, Skipped: 0, Time elapsed: 0.625 sec
Running juzu.impl.plugin.controller.LifeCycleTestCase
[] Starting Application
37135 [main] INFO org.jboss.weld.Bootstrap - WELD-000101 Transactional services not available. Injection of @Inject UserTransaction not available. Transactional observers will be invoked synchronously.
Tests run: 3, Failures: 0, Errors: 0, Skipped: 0, Time elapsed: 0.123 sec
Running juzu.impl.plugin.controller.MethodParametersTestCase
[] Starting Application
37302 [main] INFO org.jboss.weld.Bootstrap - WELD-000101 Transactional services not available. Injection of @Inject UserTransaction not available. Transactional observers will be invoked synchronously.
[] Starting Application
37497 [main] INFO org.jboss.weld.Bootstrap - WELD-000101 Transactional services not available. Injection of @Inject UserTransaction not available. Transactional observers will be invoked synchronously.
[] Starting Application
37743 [main] INFO org.jboss.weld.Bootstrap - WELD-000101 Transactional services not available. Injection of @Inject UserTransaction not available. Transactional observers will be invoked synchronously.
[] Starting Application
Aug 29, 2012 12:07:06 PM org.springframework.beans.factory.annotation.AutowiredAnnotationBeanPostProcessor <init>
INFO: JSR-330 'javax.inject.Inject' annotation found and supported for autowiring
[] Starting Application
Aug 29, 2012 12:07:07 PM org.springframework.beans.factory.annotation.AutowiredAnnotationBeanPostProcessor <init>
INFO: JSR-330 'javax.inject.Inject' annotation found and supported for autowiring
[] Starting Application
Aug 29, 2012 12:07:07 PM org.springframework.beans.factory.annotation.AutowiredAnnotationBeanPostProcessor <init>
INFO: JSR-330 'javax.inject.Inject' annotation found and supported for autowiring
[] Starting Application
[] Starting Application
[] Starting Application
Tests run: 9, Failures: 0, Errors: 0, Skipped: 0, Time elapsed: 1.574 sec
Running juzu.impl.plugin.controller.RenderMethodTestCase
Tests run: 2, Failures: 0, Errors: 0, Skipped: 0, Time elapsed: 0.091 sec
Running juzu.impl.plugin.controller.RenderTestCase
[] Starting Application
38934 [main] INFO org.jboss.weld.Bootstrap - WELD-000101 Transactional services not available. Injection of @Inject UserTransaction not available. Transactional observers will be invoked synchronously.
[] Starting Application
39089 [main] INFO org.jboss.weld.Bootstrap - WELD-000101 Transactional services not available. Injection of @Inject UserTransaction not available. Transactional observers will be invoked synchronously.
[] Starting Application
39240 [main] INFO org.jboss.weld.Bootstrap - WELD-000101 Transactional services not available. Injection of @Inject UserTransaction not available. Transactional observers will be invoked synchronously.
[] Starting Application
39388 [main] INFO org.jboss.weld.Bootstrap - WELD-000101 Transactional services not available. Injection of @Inject UserTransaction not available. Transactional observers will be invoked synchronously.
[] Starting Application
39525 [main] INFO org.jboss.weld.Bootstrap - WELD-000101 Transactional services not available. Injection of @Inject UserTransaction not available. Transactional observers will be invoked synchronously.
[] Starting Application
Aug 29, 2012 12:07:08 PM org.springframework.beans.factory.annotation.AutowiredAnnotationBeanPostProcessor <init>
INFO: JSR-330 'javax.inject.Inject' annotation found and supported for autowiring
[] Starting Application
Aug 29, 2012 12:07:08 PM org.springframework.beans.factory.annotation.AutowiredAnnotationBeanPostProcessor <init>
INFO: JSR-330 'javax.inject.Inject' annotation found and supported for autowiring
[] Starting Application
Aug 29, 2012 12:07:08 PM org.springframework.beans.factory.annotation.AutowiredAnnotationBeanPostProcessor <init>
INFO: JSR-330 'javax.inject.Inject' annotation found and supported for autowiring
[] Starting Application
Aug 29, 2012 12:07:08 PM org.springframework.beans.factory.annotation.AutowiredAnnotationBeanPostProcessor <init>
INFO: JSR-330 'javax.inject.Inject' annotation found and supported for autowiring
[] Starting Application
Aug 29, 2012 12:07:08 PM org.springframework.beans.factory.annotation.AutowiredAnnotationBeanPostProcessor <init>
INFO: JSR-330 'javax.inject.Inject' annotation found and supported for autowiring
[] Starting Application
[] Starting Application
[] Starting Application
[] Starting Application
[] Starting Application
Tests run: 15, Failures: 0, Errors: 0, Skipped: 0, Time elapsed: 1.297 sec
Running juzu.impl.plugin.controller.RequestContextTestCase
[] Starting Application
40223 [main] INFO org.jboss.weld.Bootstrap - WELD-000101 Transactional services not available. Injection of @Inject UserTransaction not available. Transactional observers will be invoked synchronously.
[] Starting Application
Aug 29, 2012 12:07:09 PM org.springframework.beans.factory.annotation.AutowiredAnnotationBeanPostProcessor <init>
INFO: JSR-330 'javax.inject.Inject' annotation found and supported for autowiring
[] Starting Application
Tests run: 3, Failures: 0, Errors: 0, Skipped: 0, Time elapsed: 0.701 sec
Running juzu.impl.plugin.controller.ResolverTestCase
Tests run: 7, Failures: 0, Errors: 0, Skipped: 0, Time elapsed: 0.304 sec
Running juzu.impl.plugin.controller.ResourceMethodTestCase
Tests run: 2, Failures: 0, Errors: 0, Skipped: 0, Time elapsed: 0.083 sec
Running juzu.impl.plugin.controller.ResourceTestCase
[] Starting Application
41312 [main] INFO org.jboss.weld.Bootstrap - WELD-000101 Transactional services not available. Injection of @Inject UserTransaction not available. Transactional observers will be invoked synchronously.
[] Starting Application
41442 [main] INFO org.jboss.weld.Bootstrap - WELD-000101 Transactional services not available. Injection of @Inject UserTransaction not available. Transactional observers will be invoked synchronously.
[] Starting Application
Aug 29, 2012 12:07:10 PM org.springframework.beans.factory.annotation.AutowiredAnnotationBeanPostProcessor <init>
INFO: JSR-330 'javax.inject.Inject' annotation found and supported for autowiring
[] Starting Application
Aug 29, 2012 12:07:10 PM org.springframework.beans.factory.annotation.AutowiredAnnotationBeanPostProcessor <init>
INFO: JSR-330 'javax.inject.Inject' annotation found and supported for autowiring
[] Starting Application
[] Starting Application
Tests run: 6, Failures: 0, Errors: 0, Skipped: 0, Time elapsed: 0.493 sec
Running juzu.impl.plugin.controller.ScopeTestCase
[] Starting Application
41818 [main] INFO org.jboss.weld.Bootstrap - WELD-000101 Transactional services not available. Injection of @Inject UserTransaction not available. Transactional observers will be invoked synchronously.
[] Starting Application
41968 [main] INFO org.jboss.weld.Bootstrap - WELD-000101 Transactional services not available. Injection of @Inject UserTransaction not available. Transactional observers will be invoked synchronously.
[] Starting Application
42125 [main] INFO org.jboss.weld.Bootstrap - WELD-000101 Transactional services not available. Injection of @Inject UserTransaction not available. Transactional observers will be invoked synchronously.
[] Starting Application
Aug 29, 2012 12:07:11 PM org.springframework.beans.factory.annotation.AutowiredAnnotationBeanPostProcessor <init>
INFO: JSR-330 'javax.inject.Inject' annotation found and supported for autowiring
[] Starting Application
Aug 29, 2012 12:07:11 PM org.springframework.beans.factory.annotation.AutowiredAnnotationBeanPostProcessor <init>
INFO: JSR-330 'javax.inject.Inject' annotation found and supported for autowiring
[] Starting Application
Aug 29, 2012 12:07:11 PM org.springframework.beans.factory.annotation.AutowiredAnnotationBeanPostProcessor <init>
INFO: JSR-330 'javax.inject.Inject' annotation found and supported for autowiring
[] Starting Application
[] Starting Application
[] Starting Application
Tests run: 9, Failures: 0, Errors: 0, Skipped: 0, Time elapsed: 0.865 sec
Running juzu.impl.plugin.controller.ThrowableTestCase
[] Starting Application
42684 [main] INFO org.jboss.weld.Bootstrap - WELD-000101 Transactional services not available. Injection of @Inject UserTransaction not available. Transactional observers will be invoked synchronously.
javax.enterprise.inject.CreationException
	at sun.reflect.NativeConstructorAccessorImpl.newInstance0(Native Method)
	at sun.reflect.NativeConstructorAccessorImpl.newInstance(NativeConstructorAccessorImpl.java:39)
	at sun.reflect.DelegatingConstructorAccessorImpl.newInstance(DelegatingConstructorAccessorImpl.java:27)
	at java.lang.reflect.Constructor.newInstance(Constructor.java:513)
	at java.lang.Class.newInstance0(Class.java:355)
	at java.lang.Class.newInstance(Class.java:308)
	at org.jboss.weld.util.reflection.SecureReflections$16.work(SecureReflections.java:344)
	at org.jboss.weld.util.reflection.SecureReflectionAccess.run(SecureReflectionAccess.java:52)
	at org.jboss.weld.util.reflection.SecureReflectionAccess.runAsInstantiation(SecureReflectionAccess.java:173)
	at org.jboss.weld.util.reflection.SecureReflections.newInstance(SecureReflections.java:341)
	at org.jboss.weld.injection.Exceptions.rethrowException(Exceptions.java:33)
	at org.jboss.weld.injection.Exceptions.rethrowException(Exceptions.java:45)
	at org.jboss.weld.injection.Exceptions.rethrowException(Exceptions.java:85)
	at org.jboss.weld.injection.ConstructorInjectionPoint.newInstance(ConstructorInjectionPoint.java:125)
	at org.jboss.weld.manager.SimpleInjectionTarget.produce(SimpleInjectionTarget.java:98)
	at juzu.impl.inject.spi.cdi.DeclaredBean.create(DeclaredBean.java:56)
	at org.jboss.weld.context.unbound.DependentContextImpl.get(DependentContextImpl.java:68)
	at org.jboss.weld.manager.BeanManagerImpl.getReference(BeanManagerImpl.java:637)
	at org.jboss.weld.manager.BeanManagerImpl.getReference(BeanManagerImpl.java:664)
	at juzu.impl.inject.spi.cdi.CDIContext.get(CDIContext.java:140)
	at juzu.impl.inject.spi.cdi.CDIContext.get(CDIContext.java:38)
	at juzu.impl.inject.spi.InjectionContext$BeanLifeCycleImpl.get(InjectionContext.java:86)
	at juzu.impl.request.Request.doInvoke(Request.java:224)
	at juzu.impl.request.Request.invoke(Request.java:189)
	at juzu.impl.plugin.application.ApplicationContext.invoke(ApplicationContext.java:159)
	at juzu.test.protocol.mock.MockApplication.invoke(MockApplication.java:104)
	at juzu.test.protocol.mock.MockClient.invoke(MockClient.java:155)
	at juzu.test.protocol.mock.MockClient.render(MockClient.java:128)
	at juzu.test.protocol.mock.MockClient.render(MockClient.java:133)
	at juzu.impl.plugin.controller.ThrowableTestCase.testConstructorChecked(ThrowableTestCase.java:46)
	at sun.reflect.NativeMethodAccessorImpl.invoke0(Native Method)
	at sun.reflect.NativeMethodAccessorImpl.invoke(NativeMethodAccessorImpl.java:39)
	at sun.reflect.DelegatingMethodAccessorImpl.invoke(DelegatingMethodAccessorImpl.java:25)
	at java.lang.reflect.Method.invoke(Method.java:597)
	at org.junit.runners.model.FrameworkMethod$1.runReflectiveCall(FrameworkMethod.java:44)
	at org.junit.internal.runners.model.ReflectiveCallable.run(ReflectiveCallable.java:15)
	at org.junit.runners.model.FrameworkMethod.invokeExplosively(FrameworkMethod.java:41)
	at org.junit.internal.runners.statements.InvokeMethod.evaluate(InvokeMethod.java:20)
	at org.junit.internal.runners.statements.RunBefores.evaluate(RunBefores.java:28)
	at org.junit.internal.runners.statements.RunAfters.evaluate(RunAfters.java:31)
	at org.junit.rules.TestWatchman$1.evaluate(TestWatchman.java:48)
	at org.junit.runners.BlockJUnit4ClassRunner.runNotIgnored(BlockJUnit4ClassRunner.java:79)
	at org.junit.runners.BlockJUnit4ClassRunner.runChild(BlockJUnit4ClassRunner.java:71)
	at org.junit.runners.BlockJUnit4ClassRunner.runChild(BlockJUnit4ClassRunner.java:49)
	at org.junit.runners.ParentRunner$3.run(ParentRunner.java:193)
	at org.junit.runners.ParentRunner$1.schedule(ParentRunner.java:52)
	at org.junit.runners.ParentRunner.runChildren(ParentRunner.java:191)
	at org.junit.runners.ParentRunner.access$000(ParentRunner.java:42)
	at org.junit.runners.ParentRunner$2.evaluate(ParentRunner.java:184)
	at org.junit.runners.ParentRunner.run(ParentRunner.java:236)
	at org.junit.runners.Suite.runChild(Suite.java:128)
	at org.junit.runners.Suite.runChild(Suite.java:24)
	at org.junit.runners.ParentRunner$3.run(ParentRunner.java:193)
	at org.junit.runners.ParentRunner$1.schedule(ParentRunner.java:52)
	at org.junit.runners.ParentRunner.runChildren(ParentRunner.java:191)
	at org.junit.runners.ParentRunner.access$000(ParentRunner.java:42)
	at org.junit.runners.ParentRunner$2.evaluate(ParentRunner.java:184)
	at org.junit.runners.ParentRunner.run(ParentRunner.java:236)
	at org.apache.maven.surefire.junit4.JUnit4TestSet.execute(JUnit4TestSet.java:53)
	at org.apache.maven.surefire.junit4.JUnit4Provider.executeTestSet(JUnit4Provider.java:123)
	at org.apache.maven.surefire.junit4.JUnit4Provider.invoke(JUnit4Provider.java:104)
	at sun.reflect.NativeMethodAccessorImpl.invoke0(Native Method)
	at sun.reflect.NativeMethodAccessorImpl.invoke(NativeMethodAccessorImpl.java:39)
	at sun.reflect.DelegatingMethodAccessorImpl.invoke(DelegatingMethodAccessorImpl.java:25)
	at java.lang.reflect.Method.invoke(Method.java:597)
	at org.apache.maven.surefire.util.ReflectionUtils.invokeMethodWithArray(ReflectionUtils.java:164)
	at org.apache.maven.surefire.booter.ProviderFactory$ProviderProxy.invoke(ProviderFactory.java:110)
	at org.apache.maven.surefire.booter.SurefireStarter.invokeProvider(SurefireStarter.java:175)
	at org.apache.maven.surefire.booter.SurefireStarter.runSuitesInProcessWhenForked(SurefireStarter.java:107)
	at org.apache.maven.surefire.booter.ForkedBooter.main(ForkedBooter.java:68)
Caused by: javax.naming.AuthenticationException
	at plugin.controller.constructor.throwable.checked.A.<init>(A:31)
	at sun.reflect.NativeConstructorAccessorImpl.newInstance0(Native Method)
	at sun.reflect.NativeConstructorAccessorImpl.newInstance(NativeConstructorAccessorImpl.java:39)
	at sun.reflect.DelegatingConstructorAccessorImpl.newInstance(DelegatingConstructorAccessorImpl.java:27)
	at java.lang.reflect.Constructor.newInstance(Constructor.java:513)
	at org.jboss.weld.introspector.jlr.WeldConstructorImpl.newInstance(WeldConstructorImpl.java:206)
	at org.jboss.weld.injection.ConstructorInjectionPoint.newInstance(ConstructorInjectionPoint.java:117)
	... 56 more
[] Starting Application
42806 [main] INFO org.jboss.weld.Bootstrap - WELD-000101 Transactional services not available. Injection of @Inject UserTransaction not available. Transactional observers will be invoked synchronously.
[] Starting Application
42934 [main] INFO org.jboss.weld.Bootstrap - WELD-000101 Transactional services not available. Injection of @Inject UserTransaction not available. Transactional observers will be invoked synchronously.
javax.enterprise.inject.CreationException
	at sun.reflect.NativeConstructorAccessorImpl.newInstance0(Native Method)
	at sun.reflect.NativeConstructorAccessorImpl.newInstance(NativeConstructorAccessorImpl.java:39)
	at sun.reflect.DelegatingConstructorAccessorImpl.newInstance(DelegatingConstructorAccessorImpl.java:27)
	at java.lang.reflect.Constructor.newInstance(Constructor.java:513)
	at java.lang.Class.newInstance0(Class.java:355)
	at java.lang.Class.newInstance(Class.java:308)
	at org.jboss.weld.util.reflection.SecureReflections$16.work(SecureReflections.java:344)
	at org.jboss.weld.util.reflection.SecureReflectionAccess.run(SecureReflectionAccess.java:52)
	at org.jboss.weld.util.reflection.SecureReflectionAccess.runAsInstantiation(SecureReflectionAccess.java:173)
	at org.jboss.weld.util.reflection.SecureReflections.newInstance(SecureReflections.java:341)
	at org.jboss.weld.injection.Exceptions.rethrowException(Exceptions.java:33)
	at org.jboss.weld.injection.Exceptions.rethrowException(Exceptions.java:45)
	at org.jboss.weld.injection.Exceptions.rethrowException(Exceptions.java:85)
	at org.jboss.weld.injection.ConstructorInjectionPoint.newInstance(ConstructorInjectionPoint.java:125)
	at org.jboss.weld.manager.SimpleInjectionTarget.produce(SimpleInjectionTarget.java:98)
	at juzu.impl.inject.spi.cdi.DeclaredBean.create(DeclaredBean.java:56)
	at org.jboss.weld.context.unbound.DependentContextImpl.get(DependentContextImpl.java:68)
	at org.jboss.weld.manager.BeanManagerImpl.getReference(BeanManagerImpl.java:637)
	at org.jboss.weld.manager.BeanManagerImpl.getReference(BeanManagerImpl.java:664)
	at juzu.impl.inject.spi.cdi.CDIContext.get(CDIContext.java:140)
	at juzu.impl.inject.spi.cdi.CDIContext.get(CDIContext.java:38)
	at juzu.impl.inject.spi.InjectionContext$BeanLifeCycleImpl.get(InjectionContext.java:86)
	at juzu.impl.request.Request.doInvoke(Request.java:224)
	at juzu.impl.request.Request.invoke(Request.java:189)
	at juzu.impl.plugin.application.ApplicationContext.invoke(ApplicationContext.java:159)
	at juzu.test.protocol.mock.MockApplication.invoke(MockApplication.java:104)
	at juzu.test.protocol.mock.MockClient.invoke(MockClient.java:155)
	at juzu.test.protocol.mock.MockClient.render(MockClient.java:128)
	at juzu.test.protocol.mock.MockClient.render(MockClient.java:133)
	at juzu.impl.plugin.controller.ThrowableTestCase.testConstructorError(ThrowableTestCase.java:76)
	at sun.reflect.NativeMethodAccessorImpl.invoke0(Native Method)
	at sun.reflect.NativeMethodAccessorImpl.invoke(NativeMethodAccessorImpl.java:39)
	at sun.reflect.DelegatingMethodAccessorImpl.invoke(DelegatingMethodAccessorImpl.java:25)
	at java.lang.reflect.Method.invoke(Method.java:597)
	at org.junit.runners.model.FrameworkMethod$1.runReflectiveCall(FrameworkMethod.java:44)
	at org.junit.internal.runners.model.ReflectiveCallable.run(ReflectiveCallable.java:15)
	at org.junit.runners.model.FrameworkMethod.invokeExplosively(FrameworkMethod.java:41)
	at org.junit.internal.runners.statements.InvokeMethod.evaluate(InvokeMethod.java:20)
	at org.junit.internal.runners.statements.RunBefores.evaluate(RunBefores.java:28)
	at org.junit.internal.runners.statements.RunAfters.evaluate(RunAfters.java:31)
	at org.junit.rules.TestWatchman$1.evaluate(TestWatchman.java:48)
	at org.junit.runners.BlockJUnit4ClassRunner.runNotIgnored(BlockJUnit4ClassRunner.java:79)
	at org.junit.runners.BlockJUnit4ClassRunner.runChild(BlockJUnit4ClassRunner.java:71)
	at org.junit.runners.BlockJUnit4ClassRunner.runChild(BlockJUnit4ClassRunner.java:49)
	at org.junit.runners.ParentRunner$3.run(ParentRunner.java:193)
	at org.junit.runners.ParentRunner$1.schedule(ParentRunner.java:52)
	at org.junit.runners.ParentRunner.runChildren(ParentRunner.java:191)
	at org.junit.runners.ParentRunner.access$000(ParentRunner.java:42)
	at org.junit.runners.ParentRunner$2.evaluate(ParentRunner.java:184)
	at org.junit.runners.ParentRunner.run(ParentRunner.java:236)
	at org.junit.runners.Suite.runChild(Suite.java:128)
	at org.junit.runners.Suite.runChild(Suite.java:24)
	at org.junit.runners.ParentRunner$3.run(ParentRunner.java:193)
	at org.junit.runners.ParentRunner$1.schedule(ParentRunner.java:52)
	at org.junit.runners.ParentRunner.runChildren(ParentRunner.java:191)
	at org.junit.runners.ParentRunner.access$000(ParentRunner.java:42)
	at org.junit.runners.ParentRunner$2.evaluate(ParentRunner.java:184)
	at org.junit.runners.ParentRunner.run(ParentRunner.java:236)
	at org.apache.maven.surefire.junit4.JUnit4TestSet.execute(JUnit4TestSet.java:53)
	at org.apache.maven.surefire.junit4.JUnit4Provider.executeTestSet(JUnit4Provider.java:123)
	at org.apache.maven.surefire.junit4.JUnit4Provider.invoke(JUnit4Provider.java:104)
	at sun.reflect.NativeMethodAccessorImpl.invoke0(Native Method)
	at sun.reflect.NativeMethodAccessorImpl.invoke(NativeMethodAccessorImpl.java:39)
	at sun.reflect.DelegatingMethodAccessorImpl.invoke(DelegatingMethodAccessorImpl.java:25)
	at java.lang.reflect.Method.invoke(Method.java:597)
	at org.apache.maven.surefire.util.ReflectionUtils.invokeMethodWithArray(ReflectionUtils.java:164)
	at org.apache.maven.surefire.booter.ProviderFactory$ProviderProxy.invoke(ProviderFactory.java:110)
	at org.apache.maven.surefire.booter.SurefireStarter.invokeProvider(SurefireStarter.java:175)
	at org.apache.maven.surefire.booter.SurefireStarter.runSuitesInProcessWhenForked(SurefireStarter.java:107)
	at org.apache.maven.surefire.booter.ForkedBooter.main(ForkedBooter.java:68)
Caused by: java.lang.UnknownError
	at plugin.controller.constructor.throwable.error.A.<init>(A:29)
	at sun.reflect.NativeConstructorAccessorImpl.newInstance0(Native Method)
	at sun.reflect.NativeConstructorAccessorImpl.newInstance(NativeConstructorAccessorImpl.java:39)
	at sun.reflect.DelegatingConstructorAccessorImpl.newInstance(DelegatingConstructorAccessorImpl.java:27)
	at java.lang.reflect.Constructor.newInstance(Constructor.java:513)
	at org.jboss.weld.introspector.jlr.WeldConstructorImpl.newInstance(WeldConstructorImpl.java:206)
	at org.jboss.weld.injection.ConstructorInjectionPoint.newInstance(ConstructorInjectionPoint.java:117)
	... 56 more
[] Starting Application
43073 [main] INFO org.jboss.weld.Bootstrap - WELD-000101 Transactional services not available. Injection of @Inject UserTransaction not available. Transactional observers will be invoked synchronously.
[] Starting Application
43201 [main] INFO org.jboss.weld.Bootstrap - WELD-000101 Transactional services not available. Injection of @Inject UserTransaction not available. Transactional observers will be invoked synchronously.
[] Starting Application
43330 [main] INFO org.jboss.weld.Bootstrap - WELD-000101 Transactional services not available. Injection of @Inject UserTransaction not available. Transactional observers will be invoked synchronously.
[] Starting Application
43454 [main] INFO org.jboss.weld.Bootstrap - WELD-000101 Transactional services not available. Injection of @Inject UserTransaction not available. Transactional observers will be invoked synchronously.
[] Starting Application
43591 [main] INFO org.jboss.weld.Bootstrap - WELD-000101 Transactional services not available. Injection of @Inject UserTransaction not available. Transactional observers will be invoked synchronously.
[] Starting Application
43741 [main] INFO org.jboss.weld.Bootstrap - WELD-000101 Transactional services not available. Injection of @Inject UserTransaction not available. Transactional observers will be invoked synchronously.
[] Starting Application
43876 [main] INFO org.jboss.weld.Bootstrap - WELD-000101 Transactional services not available. Injection of @Inject UserTransaction not available. Transactional observers will be invoked synchronously.
[] Starting Application
44014 [main] INFO org.jboss.weld.Bootstrap - WELD-000101 Transactional services not available. Injection of @Inject UserTransaction not available. Transactional observers will be invoked synchronously.
[] Starting Application
44165 [main] INFO org.jboss.weld.Bootstrap - WELD-000101 Transactional services not available. Injection of @Inject UserTransaction not available. Transactional observers will be invoked synchronously.
[] Starting Application
Aug 29, 2012 12:07:13 PM org.springframework.beans.factory.annotation.AutowiredAnnotationBeanPostProcessor <init>
INFO: JSR-330 'javax.inject.Inject' annotation found and supported for autowiring
[] Starting Application
Aug 29, 2012 12:07:13 PM org.springframework.beans.factory.annotation.AutowiredAnnotationBeanPostProcessor <init>
INFO: JSR-330 'javax.inject.Inject' annotation found and supported for autowiring
[] Starting Application
Aug 29, 2012 12:07:13 PM org.springframework.beans.factory.annotation.AutowiredAnnotationBeanPostProcessor <init>
INFO: JSR-330 'javax.inject.Inject' annotation found and supported for autowiring
[] Starting Application
Aug 29, 2012 12:07:13 PM org.springframework.beans.factory.annotation.AutowiredAnnotationBeanPostProcessor <init>
INFO: JSR-330 'javax.inject.Inject' annotation found and supported for autowiring
[] Starting Application
Aug 29, 2012 12:07:13 PM org.springframework.beans.factory.annotation.AutowiredAnnotationBeanPostProcessor <init>
INFO: JSR-330 'javax.inject.Inject' annotation found and supported for autowiring
[] Starting Application
Aug 29, 2012 12:07:13 PM org.springframework.beans.factory.annotation.AutowiredAnnotationBeanPostProcessor <init>
INFO: JSR-330 'javax.inject.Inject' annotation found and supported for autowiring
[] Starting Application
Aug 29, 2012 12:07:13 PM org.springframework.beans.factory.annotation.AutowiredAnnotationBeanPostProcessor <init>
INFO: JSR-330 'javax.inject.Inject' annotation found and supported for autowiring
[] Starting Application
Aug 29, 2012 12:07:13 PM org.springframework.beans.factory.annotation.AutowiredAnnotationBeanPostProcessor <init>
INFO: JSR-330 'javax.inject.Inject' annotation found and supported for autowiring
[] Starting Application
Aug 29, 2012 12:07:13 PM org.springframework.beans.factory.annotation.AutowiredAnnotationBeanPostProcessor <init>
INFO: JSR-330 'javax.inject.Inject' annotation found and supported for autowiring
[] Starting Application
Aug 29, 2012 12:07:13 PM org.springframework.beans.factory.annotation.AutowiredAnnotationBeanPostProcessor <init>
INFO: JSR-330 'javax.inject.Inject' annotation found and supported for autowiring
[] Starting Application
Aug 29, 2012 12:07:13 PM org.springframework.beans.factory.annotation.AutowiredAnnotationBeanPostProcessor <init>
INFO: JSR-330 'javax.inject.Inject' annotation found and supported for autowiring
[] Starting Application
Aug 29, 2012 12:07:13 PM org.springframework.beans.factory.annotation.AutowiredAnnotationBeanPostProcessor <init>
INFO: JSR-330 'javax.inject.Inject' annotation found and supported for autowiring
[] Starting Application
[] Starting Application
[] Starting Application
[] Starting Application
[] Starting Application
[] Starting Application
[] Starting Application
[] Starting Application
[] Starting Application
[] Starting Application
[] Starting Application
[] Starting Application
Tests run: 36, Failures: 0, Errors: 0, Skipped: 0, Time elapsed: 2.818 sec
Running juzu.impl.plugin.controller.URLTestCase
[] Starting Application
45504 [main] INFO org.jboss.weld.Bootstrap - WELD-000101 Transactional services not available. Injection of @Inject UserTransaction not available. Transactional observers will be invoked synchronously.
[] Starting Application
46281 [main] INFO org.jboss.weld.Bootstrap - WELD-000101 Transactional services not available. Injection of @Inject UserTransaction not available. Transactional observers will be invoked synchronously.
[] Starting Application
46498 [main] INFO org.jboss.weld.Bootstrap - WELD-000101 Transactional services not available. Injection of @Inject UserTransaction not available. Transactional observers will be invoked synchronously.
[] Starting Application
Aug 29, 2012 12:07:15 PM org.springframework.beans.factory.annotation.AutowiredAnnotationBeanPostProcessor <init>
INFO: JSR-330 'javax.inject.Inject' annotation found and supported for autowiring
[] Starting Application
Aug 29, 2012 12:07:15 PM org.springframework.beans.factory.annotation.AutowiredAnnotationBeanPostProcessor <init>
INFO: JSR-330 'javax.inject.Inject' annotation found and supported for autowiring
[] Starting Application
Aug 29, 2012 12:07:15 PM org.springframework.beans.factory.annotation.AutowiredAnnotationBeanPostProcessor <init>
INFO: JSR-330 'javax.inject.Inject' annotation found and supported for autowiring
[] Starting Application
[] Starting Application
[] Starting Application
Tests run: 9, Failures: 0, Errors: 0, Skipped: 0, Time elapsed: 1.752 sec
Running juzu.impl.plugin.router.RouterTestCase
[] Starting Application
47250 [main] INFO org.jboss.weld.Bootstrap - WELD-000101 Transactional services not available. Injection of @Inject UserTransaction not available. Transactional observers will be invoked synchronously.
[] Starting Application
Aug 29, 2012 12:07:16 PM org.springframework.beans.factory.annotation.AutowiredAnnotationBeanPostProcessor <init>
INFO: JSR-330 'javax.inject.Inject' annotation found and supported for autowiring
[] Starting Application
Tests run: 3, Failures: 0, Errors: 0, Skipped: 0, Time elapsed: 0.261 sec
Running juzu.impl.plugin.template.ELTestCase
[] Starting Application
47517 [main] INFO org.jboss.weld.Bootstrap - WELD-000101 Transactional services not available. Injection of @Inject UserTransaction not available. Transactional observers will be invoked synchronously.
[] Starting Application
Aug 29, 2012 12:07:16 PM org.springframework.beans.factory.annotation.AutowiredAnnotationBeanPostProcessor <init>
INFO: JSR-330 'javax.inject.Inject' annotation found and supported for autowiring
[] Starting Application
Tests run: 3, Failures: 0, Errors: 0, Skipped: 0, Time elapsed: 0.418 sec
Running juzu.impl.plugin.template.PrinterTestCase
[] Starting Application
47970 [main] INFO org.jboss.weld.Bootstrap - WELD-000101 Transactional services not available. Injection of @Inject UserTransaction not available. Transactional observers will be invoked synchronously.
[] Starting Application
Aug 29, 2012 12:07:17 PM org.springframework.beans.factory.annotation.AutowiredAnnotationBeanPostProcessor <init>
INFO: JSR-330 'javax.inject.Inject' annotation found and supported for autowiring
[] Starting Application
Tests run: 3, Failures: 0, Errors: 0, Skipped: 0, Time elapsed: 0.555 sec
Running juzu.impl.plugin.template.TagTestCase
[] Starting Application
49314 [main] INFO org.jboss.weld.Bootstrap - WELD-000101 Transactional services not available. Injection of @Inject UserTransaction not available. Transactional observers will be invoked synchronously.
[] Starting Application
49529 [main] INFO org.jboss.weld.Bootstrap - WELD-000101 Transactional services not available. Injection of @Inject UserTransaction not available. Transactional observers will be invoked synchronously.
[] Starting Application
49791 [main] INFO org.jboss.weld.Bootstrap - WELD-000101 Transactional services not available. Injection of @Inject UserTransaction not available. Transactional observers will be invoked synchronously.
[] Starting Application
50677 [main] INFO org.jboss.weld.Bootstrap - WELD-000101 Transactional services not available. Injection of @Inject UserTransaction not available. Transactional observers will be invoked synchronously.
[] Starting Application
52756 [main] INFO org.jboss.weld.Bootstrap - WELD-000101 Transactional services not available. Injection of @Inject UserTransaction not available. Transactional observers will be invoked synchronously.
[] Starting Application
Aug 29, 2012 12:07:23 PM org.springframework.beans.factory.annotation.AutowiredAnnotationBeanPostProcessor <init>
INFO: JSR-330 'javax.inject.Inject' annotation found and supported for autowiring
[] Starting Application
Aug 29, 2012 12:07:23 PM org.springframework.beans.factory.annotation.AutowiredAnnotationBeanPostProcessor <init>
INFO: JSR-330 'javax.inject.Inject' annotation found and supported for autowiring
[] Starting Application
Aug 29, 2012 12:07:25 PM org.springframework.beans.factory.annotation.AutowiredAnnotationBeanPostProcessor <init>
INFO: JSR-330 'javax.inject.Inject' annotation found and supported for autowiring
[] Starting Application
Aug 29, 2012 12:07:26 PM org.springframework.beans.factory.annotation.AutowiredAnnotationBeanPostProcessor <init>
INFO: JSR-330 'javax.inject.Inject' annotation found and supported for autowiring
[] Starting Application
Aug 29, 2012 12:07:27 PM org.springframework.beans.factory.annotation.AutowiredAnnotationBeanPostProcessor <init>
INFO: JSR-330 'javax.inject.Inject' annotation found and supported for autowiring
[] Starting Application
[] Starting Application
[] Starting Application
[] Starting Application
Tests run: 15, Failures: 0, Errors: 0, Skipped: 0, Time elapsed: 13.757 sec
Running juzu.impl.plugin.template.TemplateTestCase
[] Starting Application
62842 [main] INFO org.jboss.weld.Bootstrap - WELD-000101 Transactional services not available. Injection of @Inject UserTransaction not available. Transactional observers will be invoked synchronously.
[] Starting Application
64228 [main] INFO org.jboss.weld.Bootstrap - WELD-000101 Transactional services not available. Injection of @Inject UserTransaction not available. Transactional observers will be invoked synchronously.
[] Starting Application
66287 [main] INFO org.jboss.weld.Bootstrap - WELD-000101 Transactional services not available. Injection of @Inject UserTransaction not available. Transactional observers will be invoked synchronously.
[] Starting Application
66434 [main] INFO org.jboss.weld.Bootstrap - WELD-000101 Transactional services not available. Injection of @Inject UserTransaction not available. Transactional observers will be invoked synchronously.
[] Starting Application
Aug 29, 2012 12:07:35 PM org.springframework.beans.factory.annotation.AutowiredAnnotationBeanPostProcessor <init>
INFO: JSR-330 'javax.inject.Inject' annotation found and supported for autowiring
[] Starting Application
Aug 29, 2012 12:07:36 PM org.springframework.beans.factory.annotation.AutowiredAnnotationBeanPostProcessor <init>
INFO: JSR-330 'javax.inject.Inject' annotation found and supported for autowiring
[] Starting Application
Aug 29, 2012 12:07:36 PM org.springframework.beans.factory.annotation.AutowiredAnnotationBeanPostProcessor <init>
INFO: JSR-330 'javax.inject.Inject' annotation found and supported for autowiring
[] Starting Application
Aug 29, 2012 12:07:36 PM org.springframework.beans.factory.annotation.AutowiredAnnotationBeanPostProcessor <init>
INFO: JSR-330 'javax.inject.Inject' annotation found and supported for autowiring
[] Starting Application
[] Starting Application
[] Starting Application
Tests run: 12, Failures: 0, Errors: 0, Skipped: 0, Time elapsed: 5.525 sec
Running juzu.impl.plugin.template.ThrowableTestCase
[] Starting Application
67786 [main] INFO org.jboss.weld.Bootstrap - WELD-000101 Transactional services not available. Injection of @Inject UserTransaction not available. Transactional observers will be invoked synchronously.
[] Starting Application
67980 [main] INFO org.jboss.weld.Bootstrap - WELD-000101 Transactional services not available. Injection of @Inject UserTransaction not available. Transactional observers will be invoked synchronously.
[] Starting Application
68783 [main] INFO org.jboss.weld.Bootstrap - WELD-000101 Transactional services not available. Injection of @Inject UserTransaction not available. Transactional observers will be invoked synchronously.
[] Starting Application
Aug 29, 2012 12:07:39 PM org.springframework.beans.factory.annotation.AutowiredAnnotationBeanPostProcessor <init>
INFO: JSR-330 'javax.inject.Inject' annotation found and supported for autowiring
[] Starting Application
Aug 29, 2012 12:07:39 PM org.springframework.beans.factory.annotation.AutowiredAnnotationBeanPostProcessor <init>
INFO: JSR-330 'javax.inject.Inject' annotation found and supported for autowiring
[] Starting Application
Aug 29, 2012 12:07:40 PM org.springframework.beans.factory.annotation.AutowiredAnnotationBeanPostProcessor <init>
INFO: JSR-330 'javax.inject.Inject' annotation found and supported for autowiring
[] Starting Application
[] Starting Application
[] Starting Application
Tests run: 9, Failures: 0, Errors: 0, Skipped: 0, Time elapsed: 5.897 sec
Running juzu.impl.plugin.template.URLTestCase
Tests run: 4, Failures: 0, Errors: 0, Skipped: 0, Time elapsed: 1.385 sec
Running juzu.impl.router.BitStackTestCase
Tests run: 3, Failures: 0, Errors: 0, Skipped: 0, Time elapsed: 0.001 sec
Running juzu.impl.router.BuildRouteTestCase
Tests run: 5, Failures: 0, Errors: 0, Skipped: 0, Time elapsed: 0.003 sec
Running juzu.impl.router.CharEscapeTransformationTestCase
Tests run: 1, Failures: 0, Errors: 0, Skipped: 0, Time elapsed: 0.001 sec
Running juzu.impl.router.DuplicateParamTestCase
Tests run: 9, Failures: 0, Errors: 0, Skipped: 0, Time elapsed: 0.006 sec
Running juzu.impl.router.FooRendererTestCase
Tests run: 13, Failures: 0, Errors: 0, Skipped: 0, Time elapsed: 0.617 sec
Running juzu.impl.router.FooVisitorTestCase
Tests run: 12, Failures: 0, Errors: 0, Skipped: 0, Time elapsed: 0.013 sec
Running juzu.impl.router.GroupTransformationTestCase
Tests run: 2, Failures: 0, Errors: 0, Skipped: 0, Time elapsed: 0.001 sec
Running juzu.impl.router.HierarchyTestCase
Tests run: 1, Failures: 0, Errors: 0, Skipped: 0, Time elapsed: 0.001 sec
Running juzu.impl.router.LegacyPortalTestCase
Tests run: 6, Failures: 0, Errors: 0, Skipped: 0, Time elapsed: 0.003 sec
Running juzu.impl.router.MatchTestCase
Tests run: 17, Failures: 0, Errors: 0, Skipped: 0, Time elapsed: 0.008 sec
Running juzu.impl.router.PathEncodingTestCase
Tests run: 10, Failures: 0, Errors: 0, Skipped: 0, Time elapsed: 0.003 sec
Running juzu.impl.router.PathTestCase
Tests run: 6, Failures: 0, Errors: 0, Skipped: 0, Time elapsed: 0.001 sec
Running juzu.impl.router.PatternBuilderTestCase
Tests run: 1, Failures: 0, Errors: 0, Skipped: 0, Time elapsed: 0 sec
Running juzu.impl.router.PortalConfigurationTestCase
Tests run: 5, Failures: 0, Errors: 0, Skipped: 0, Time elapsed: 0.005 sec
Running juzu.impl.router.PortalTestCase
Tests run: 5, Failures: 0, Errors: 0, Skipped: 0, Time elapsed: 0.004 sec
Running juzu.impl.router.regex.ParserTestCase
Tests run: 1, Failures: 0, Errors: 0, Skipped: 0, Time elapsed: 0 sec
Running juzu.impl.router.regex.RegExpAnalyserTestCase
Tests run: 3, Failures: 0, Errors: 0, Skipped: 0, Time elapsed: 0 sec
Running juzu.impl.router.regex.RegExpParserTestCase
Tests run: 15, Failures: 0, Errors: 0, Skipped: 0, Time elapsed: 0.016 sec
Running juzu.impl.router.regex.RegExpRendererTestCase
Tests run: 4, Failures: 0, Errors: 0, Skipped: 0, Time elapsed: 0 sec
Running juzu.impl.router.RegexTestCase
Tests run: 4, Failures: 0, Errors: 0, Skipped: 0, Time elapsed: 0.016 sec
Running juzu.impl.router.RenderTestCase
Tests run: 9, Failures: 0, Errors: 0, Skipped: 0, Time elapsed: 0.003 sec
Running juzu.impl.router.RequestParamTestCase
Tests run: 9, Failures: 0, Errors: 0, Skipped: 0, Time elapsed: 0.004 sec
Running juzu.impl.router.RouteEscaperTestCase
Tests run: 2, Failures: 0, Errors: 0, Skipped: 0, Time elapsed: 0.001 sec
Running juzu.impl.router.RouteMatchTestCase
Tests run: 2, Failures: 0, Errors: 0, Skipped: 0, Time elapsed: 0 sec
Running juzu.impl.router.RouteParserTestCase
Tests run: 4, Failures: 0, Errors: 0, Skipped: 0, Time elapsed: 0.002 sec
Running juzu.impl.router.RoutePriorityTestCase
Tests run: 2, Failures: 0, Errors: 0, Skipped: 0, Time elapsed: 0.001 sec
Running juzu.impl.router.RouteSelectionTestCase
Tests run: 1, Failures: 0, Errors: 0, Skipped: 0, Time elapsed: 0 sec
Running juzu.impl.template.spi.juzu.ast.TemplateBuilderTestCase
Tests run: 2, Failures: 0, Errors: 0, Skipped: 0, Time elapsed: 0.08 sec
Running juzu.impl.template.spi.juzu.ast.TemplateParserTestCase
Tests run: 17, Failures: 0, Errors: 0, Skipped: 0, Time elapsed: 0.007 sec
Running juzu.impl.template.spi.juzu.ast.TemplateRenderingTestCase
Tests run: 28, Failures: 0, Errors: 0, Skipped: 0, Time elapsed: 2.487 sec
Running juzu.PropertyMapTestCase
Tests run: 11, Failures: 0, Errors: 0, Skipped: 0, Time elapsed: 0.002 sec
Aug 29, 2012 12:07:47 PM org.jboss.arquillian.container.jetty.embedded_7.JettyEmbeddedContainer stop
INFO: Stopping Jetty Embedded Server [id:962420767]

Results :

Failed tests:   testRenderIndex(juzu.impl.bridge.servlet.RouteModuleTestCase): null expected:<[ok]> but was:<[HTTP ERROR 500
  testRenderPath(juzu.impl.bridge.servlet.RouteModuleTestCase): null expected:<[bar]> but was:<[HTTP ERROR 503

Tests run: 698, Failures: 2, Errors: 0, Skipped: 0

[INFO] ------------------------------------------------------------------------
[ERROR] BUILD FAILURE
[INFO] ------------------------------------------------------------------------
[INFO] There are test failures.

Please refer to /Users/julien/java/juzu/core/target/surefire-reports for the individual test results.
[INFO] ------------------------------------------------------------------------
[INFO] For more information, run Maven with the -e switch
[INFO] ------------------------------------------------------------------------
[INFO] Total time: 1 minute 30 seconds
[INFO] Finished at: Wed Aug 29 12:07:47 CEST 2012
[INFO] Final Memory: 51M/505M
[INFO] ------------------------------------------------------------------------
